{
  "stats": {
    "suites": 6,
    "tests": 49,
    "passes": 45,
    "pending": 0,
    "failures": 4,
    "start": "2020-01-28T14:08:47.460Z",
    "end": "2020-01-28T14:08:47.460Z",
    "duration": 802505,
    "testsRegistered": 49,
    "passPercent": 91.83673469387755,
    "pendingPercent": 0,
    "other": 0,
    "hasOther": false,
    "skipped": 0,
    "hasSkipped": false
  },
  "results": [
    {
      "uuid": "b2626350-bac4-4cc2-92fc-28ae97439801",
      "title": "",
      "fullFile": "",
      "file": "",
      "beforeHooks": [],
      "afterHooks": [],
      "tests": [],
      "suites": [
        {
          "uuid": "4cac2b6a-a88d-48bd-ab03-e7cdb7e0959b",
          "title": "OrchestrationMeasure",
          "fullFile": "",
          "file": "",
          "beforeHooks": [],
          "afterHooks": [],
          "tests": [
            {
              "title": "Validation Success",
              "fullTitle": "OrchestrationMeasure Validation Success",
              "timedOut": null,
              "duration": 657,
              "state": "passed",
              "speed": "slow",
              "pass": true,
              "fail": false,
              "pending": false,
              "context": null,
              "code": "cy.request({\n  url: '/mat-fhir-services/orchestration/measure',\n  method: 'PUT',\n  qs: {\n    id: '2ca880a16f7ca554016f86d356400768',\n    conversionType: 'VALIDATION',\n    xmlSource: 'MEASURE'\n  }\n}).then(function (response) {\n  expect(response.status).to.eql(200);\n});",
              "err": {},
              "uuid": "5e8faeae-a65d-4aef-86a2-20efb8584287",
              "parentUUID": "4cac2b6a-a88d-48bd-ab03-e7cdb7e0959b",
              "isHook": false,
              "skipped": false
            },
            {
              "title": "Validation Not Found",
              "fullTitle": "OrchestrationMeasure Validation Not Found",
              "timedOut": null,
              "duration": 447,
              "state": "failed",
              "speed": null,
              "pass": false,
              "fail": true,
              "pending": false,
              "context": null,
              "code": "cy.request({\n  url: '/mat-fhir-services/orchestration/measure',\n  method: 'PUT',\n  failOnStatusCode: false,\n  qs: {\n    id: '111',\n    conversionType: 'VALIDATION',\n    xmlSource: 'MEASURE'\n  }\n}).then(function (response) {\n  expect(response.status).to.eql(404);\n  expect(response.body.error).to.eql('Not Found');\n  expect(response.body.message).to.contains('Cannot find MAT Measure with measureId');\n});",
              "err": {
                "message": "AssertionError: expected 200 to deeply equal 404",
                "estack": "AssertionError: expected 200 to deeply equal 404\n    at getRet (https://matdev.semanticbits.com/__cypress/runner/cypress_runner.js:88941:16)\n    at tryCatcher (https://matdev.semanticbits.com/__cypress/runner/cypress_runner.js:139045:23)\n    at Function.Promise.attempt.Promise.try (https://matdev.semanticbits.com/__cypress/runner/cypress_runner.js:136320:29)\n    at Context.thenFn (https://matdev.semanticbits.com/__cypress/runner/cypress_runner.js:88955:23)\n    at Context.then (https://matdev.semanticbits.com/__cypress/runner/cypress_runner.js:89275:21)\n    at Context.<anonymous> (https://matdev.semanticbits.com/__cypress/runner/cypress_runner.js:100624:21)\n    at https://matdev.semanticbits.com/__cypress/runner/cypress_runner.js:100145:33\n    at tryCatcher (https://matdev.semanticbits.com/__cypress/runner/cypress_runner.js:139045:23)\n    at Promise._settlePromiseFromHandler (https://matdev.semanticbits.com/__cypress/runner/cypress_runner.js:136981:31)\n    at Promise._settlePromise (https://matdev.semanticbits.com/__cypress/runner/cypress_runner.js:137038:18)\n    at Promise._settlePromiseCtx (https://matdev.semanticbits.com/__cypress/runner/cypress_runner.js:137075:10)\n    at Async../node_modules/bluebird/js/release/async.js.Async._drainQueue (https://matdev.semanticbits.com/__cypress/runner/cypress_runner.js:133775:12)\n    at Async../node_modules/bluebird/js/release/async.js.Async._drainQueues (https://matdev.semanticbits.com/__cypress/runner/cypress_runner.js:133780:10)\n    at Async.drainQueues (https://matdev.semanticbits.com/__cypress/runner/cypress_runner.js:133654:14)",
                "diff": "- 200\n+ 404\n"
              },
              "uuid": "b5e435b1-9806-4147-8d51-a4ba7edda2a6",
              "parentUUID": "4cac2b6a-a88d-48bd-ab03-e7cdb7e0959b",
              "isHook": false,
              "skipped": false
            },
            {
              "title": "Validation Not Found NULL ID",
              "fullTitle": "OrchestrationMeasure Validation Not Found NULL ID",
              "timedOut": null,
              "duration": 395,
              "state": "failed",
              "speed": null,
              "pass": false,
              "fail": true,
              "pending": false,
              "context": null,
              "code": "cy.request({\n  url: '/mat-fhir-services/orchestration/measure',\n  method: 'PUT',\n  failOnStatusCode: false,\n  qs: {\n    id: null,\n    conversionType: 'VALIDATION',\n    xmlSource: 'MEASURE'\n  }\n}).then(function (response) {\n  expect(response.status).to.eql(404);\n});",
              "err": {
                "message": "AssertionError: expected 200 to deeply equal 404",
                "estack": "AssertionError: expected 200 to deeply equal 404\n    at getRet (https://matdev.semanticbits.com/__cypress/runner/cypress_runner.js:88941:16)\n    at tryCatcher (https://matdev.semanticbits.com/__cypress/runner/cypress_runner.js:139045:23)\n    at Function.Promise.attempt.Promise.try (https://matdev.semanticbits.com/__cypress/runner/cypress_runner.js:136320:29)\n    at Context.thenFn (https://matdev.semanticbits.com/__cypress/runner/cypress_runner.js:88955:23)\n    at Context.then (https://matdev.semanticbits.com/__cypress/runner/cypress_runner.js:89275:21)\n    at Context.<anonymous> (https://matdev.semanticbits.com/__cypress/runner/cypress_runner.js:100624:21)\n    at https://matdev.semanticbits.com/__cypress/runner/cypress_runner.js:100145:33\n    at tryCatcher (https://matdev.semanticbits.com/__cypress/runner/cypress_runner.js:139045:23)\n    at Promise._settlePromiseFromHandler (https://matdev.semanticbits.com/__cypress/runner/cypress_runner.js:136981:31)\n    at Promise._settlePromise (https://matdev.semanticbits.com/__cypress/runner/cypress_runner.js:137038:18)\n    at Promise._settlePromiseCtx (https://matdev.semanticbits.com/__cypress/runner/cypress_runner.js:137075:10)\n    at Async../node_modules/bluebird/js/release/async.js.Async._drainQueue (https://matdev.semanticbits.com/__cypress/runner/cypress_runner.js:133775:12)\n    at Async../node_modules/bluebird/js/release/async.js.Async._drainQueues (https://matdev.semanticbits.com/__cypress/runner/cypress_runner.js:133780:10)\n    at Async.drainQueues (https://matdev.semanticbits.com/__cypress/runner/cypress_runner.js:133654:14)",
                "diff": "- 200\n+ 404\n"
              },
              "uuid": "2c4061ee-bd8e-45ae-8d1f-b708d69af2f1",
              "parentUUID": "4cac2b6a-a88d-48bd-ab03-e7cdb7e0959b",
              "isHook": false,
              "skipped": false
            }
          ],
          "suites": [],
          "passes": [
            "5e8faeae-a65d-4aef-86a2-20efb8584287"
          ],
          "failures": [
            "b5e435b1-9806-4147-8d51-a4ba7edda2a6",
            "2c4061ee-bd8e-45ae-8d1f-b708d69af2f1"
          ],
          "pending": [],
          "skipped": [],
          "duration": 1499,
          "root": false,
          "rootEmpty": false,
          "_timeout": 2000
        }
      ],
      "passes": [],
      "failures": [],
      "pending": [],
      "skipped": [],
      "duration": 0,
      "root": true,
      "rootEmpty": true,
      "_timeout": 2000
    },
    {
      "uuid": "6a11c755-6cc2-484f-845c-8ac6632e62b5",
      "title": "",
      "fullFile": "",
      "file": "",
      "beforeHooks": [],
      "afterHooks": [],
      "tests": [],
      "suites": [
        {
          "uuid": "af67f555-0b78-47cd-aab6-66c8910c094c",
          "title": "CQL Library Grid Selection",
          "fullFile": "",
          "file": "",
          "beforeHooks": [],
          "afterHooks": [],
          "tests": [
            {
              "title": "Recent Activity",
              "fullTitle": "CQL Library Grid Selection Recent Activity",
              "timedOut": null,
              "duration": 28888,
              "state": "passed",
              "speed": "slow",
              "pass": true,
              "fail": false,
              "pending": false,
              "context": null,
              "code": "//populating recent activity grid\ncy.get(cqlLibrary.row1CqlLibrarySearch).dblclick();\nhelper.visibleWithTimeout(matheader.progressbar);\nhelper.notVisibleWithTimeout(matheader.progressbar);\ncy.get(measurelibrary.cqlLibraryTab).click();\nhelper.visibleWithTimeout(matheader.progressbar);\nhelper.notVisibleWithTimeout(matheader.progressbar);\ncy.get(cqlLibrary.row2CqlLibrarySearch).dblclick();\nhelper.visibleWithTimeout(matheader.progressbar);\nhelper.notVisibleWithTimeout(matheader.progressbar);\ncy.get(measurelibrary.cqlLibraryTab).click();\nhelper.visibleWithTimeout(matheader.progressbar);\nhelper.notVisibleWithTimeout(matheader.progressbar);\ncy.get(cqlLibrary.row1RecentActivity).eq(1).click();\ncy.wait(1000);\nhelper.isChecked(cqlLibrary.row1RecentActivityCheckbox);\ncy.get(cqlLibrary.row2RecentActivity).eq(1).click();\nhelper.isChecked(cqlLibrary.row2RecentActivityCheckbox);\nhelper.isNotChecked(cqlLibrary.row1RecentActivityCheckbox);\ncy.wait(1000);\ncy.get(cqlLibrary.row2RecentActivity).eq(1).click();\nhelper.isNotChecked(cqlLibrary.row2RecentActivityCheckbox);\nhelper.isNotChecked(cqlLibrary.row1RecentActivityCheckbox);",
              "err": {},
              "uuid": "b3644e11-534c-459e-9aac-ad04f3f4928f",
              "parentUUID": "af67f555-0b78-47cd-aab6-66c8910c094c",
              "isHook": false,
              "skipped": false
            },
            {
              "title": "CQL Library Search Table",
              "fullTitle": "CQL Library Grid Selection CQL Library Search Table",
              "timedOut": null,
              "duration": 1717,
              "state": "passed",
              "speed": "slow",
              "pass": true,
              "fail": false,
              "pending": false,
              "context": null,
              "code": "cy.get(cqlLibrary.row1CqlLibrarySearch).click();\nhelper.isChecked(cqlLibrary.row1CqlLibrarySearchCheckbox);\ncy.get(cqlLibrary.row2CqlLibrarySearch).click();\nhelper.isChecked(cqlLibrary.row2CqlLibrarySearchCheckbox);\nhelper.isNotChecked(cqlLibrary.row1CqlLibrarySearchCheckbox);\ncy.wait(1000);\ncy.get(cqlLibrary.row2CqlLibrarySearch).click();\nhelper.isNotChecked(cqlLibrary.row2CqlLibrarySearchCheckbox);\nhelper.isNotChecked(cqlLibrary.row1CqlLibrarySearchCheckbox);",
              "err": {},
              "uuid": "740f23c2-aefb-4796-97f4-8d2829e131ae",
              "parentUUID": "af67f555-0b78-47cd-aab6-66c8910c094c",
              "isHook": false,
              "skipped": false
            }
          ],
          "suites": [],
          "passes": [
            "b3644e11-534c-459e-9aac-ad04f3f4928f",
            "740f23c2-aefb-4796-97f4-8d2829e131ae"
          ],
          "failures": [],
          "pending": [],
          "skipped": [],
          "duration": 30605,
          "root": false,
          "rootEmpty": false,
          "_timeout": 2000
        },
        {
          "uuid": "9a27c816-f2a6-4888-8b08-9e900f2104c0",
          "title": "CQL Library Grid Button Bar",
          "fullFile": "",
          "file": "",
          "beforeHooks": [],
          "afterHooks": [],
          "tests": [
            {
              "title": "Enabled/Disabled Recent Activity Not The Owner",
              "fullTitle": "CQL Library Grid Button Bar Enabled/Disabled Recent Activity Not The Owner",
              "timedOut": null,
              "duration": 19981,
              "state": "passed",
              "speed": "slow",
              "pass": true,
              "fail": false,
              "pending": false,
              "context": null,
              "code": "//populating recent activity grid\ncy.get(cqlLibrary.row1CqlLibrarySearch).dblclick();\nhelper.visibleWithTimeout(matheader.progressbar);\nhelper.notVisibleWithTimeout(matheader.progressbar);\ncy.get(measurelibrary.cqlLibraryTab).click();\nhelper.visibleWithTimeout(matheader.progressbar);\nhelper.notVisibleWithTimeout(matheader.progressbar);\ncy.get(cqlLibrary.row1RecentActivity).eq(1).click();\nhelper.disabled(cqlLibrary.createVersionDraftRecentActivityBtn);\nhelper.enabled(cqlLibrary.historyRecentActivityBtn);\nhelper.enabled(cqlLibrary.viewRecentActivityBtn);\nhelper.disabled(cqlLibrary.shareRecentActivityBtn);\nhelper.disabled(cqlLibrary.deleteRecentActivityBtn);",
              "err": {},
              "uuid": "4088e21a-4800-44c9-8fd8-d720aaf87b06",
              "parentUUID": "9a27c816-f2a6-4888-8b08-9e900f2104c0",
              "isHook": false,
              "skipped": false
            },
            {
              "title": "Enabled/Disabled Recent Activity The Owner",
              "fullTitle": "CQL Library Grid Button Bar Enabled/Disabled Recent Activity The Owner",
              "timedOut": null,
              "duration": 14512,
              "state": "passed",
              "speed": "slow",
              "pass": true,
              "fail": false,
              "pending": false,
              "context": null,
              "code": "cy.get(cqlLibrary.newLibraryBtn).click();\nvar cqlLibraryName = 'CQLLibraryTest' + Date.now();\ncy.get(createNewCqlLibrary.cqlLibraryName).type(cqlLibraryName, {\n  delay: 50\n});\ncy.get(createNewCqlLibrary.modelQDMRadio).click();\ncy.get(createNewCqlLibrary.saveAndContinueBtn).click();\ncy.get(cqlComposer.confirmationContinueBtn).click();\nhelper.visibleWithTimeout(matheader.progressbar);\nhelper.notVisibleWithTimeout(matheader.progressbar);\ncy.get(measurelibrary.cqlLibraryTab).click();\nhelper.visibleWithTimeout(matheader.progressbar);\nhelper.notVisibleWithTimeout(matheader.progressbar);\ncy.get(cqlLibrary.row1RecentActivity).eq(1).click();\nhelper.enabled(cqlLibrary.createVersionRecentActivityBtn);\nhelper.enabled(cqlLibrary.historyRecentActivityBtn);\nhelper.enabled(cqlLibrary.editRecentActivityEnabledBtn);\nhelper.enabled(cqlLibrary.shareRecentActivityBtn);\nhelper.enabled(cqlLibrary.deleteRecentActivityBtn);\ncy.get(cqlLibrary.createVersionRecentActivityBtn).click();\ncy.get(cqlLibrary.majorVersionTypeRadio).click();\ncy.get(cqlLibrary.saveAndContinueBtn).click();\nhelper.visibleWithTimeout(matheader.progressbar);\nhelper.notVisibleWithTimeout(matheader.progressbar);\ncy.get(cqlLibrary.row1RecentActivity).eq(1).click();\nhelper.enabled(cqlLibrary.createDraftRecentActivityBtn);\nhelper.enabled(cqlLibrary.historyRecentActivityBtn);\nhelper.enabled(cqlLibrary.viewRecentActivityBtn);\nhelper.enabled(cqlLibrary.shareRecentActivityBtn);\nhelper.disabled(cqlLibrary.deleteRecentActivityBtn);",
              "err": {},
              "uuid": "c25c645a-f28c-4a26-a729-210b7bc2de23",
              "parentUUID": "9a27c816-f2a6-4888-8b08-9e900f2104c0",
              "isHook": false,
              "skipped": false
            },
            {
              "title": "Enabled/Disabled All CQL Libraries Not The Owner",
              "fullTitle": "CQL Library Grid Button Bar Enabled/Disabled All CQL Libraries Not The Owner",
              "timedOut": null,
              "duration": 151,
              "state": "passed",
              "speed": "slow",
              "pass": true,
              "fail": false,
              "pending": false,
              "context": null,
              "code": "cy.get(cqlLibrary.row1CqlLibrarySearch).click();\nhelper.disabled(cqlLibrary.createVersionDraftCqllibrariesBtn);\nhelper.enabled(cqlLibrary.historyCqllibrariesBtn);\nhelper.enabled(cqlLibrary.viewCqllibrariesBtn);\nhelper.disabled(cqlLibrary.shareCqllibrariesBtn);\nhelper.disabled(cqlLibrary.deleteCqllibrariesBtn);",
              "err": {},
              "uuid": "687bc044-bf9d-4243-88c4-268cdcaba85b",
              "parentUUID": "9a27c816-f2a6-4888-8b08-9e900f2104c0",
              "isHook": false,
              "skipped": false
            },
            {
              "title": "Enabled/Disabled All CQL Libraries The Owner",
              "fullTitle": "CQL Library Grid Button Bar Enabled/Disabled All CQL Libraries The Owner",
              "timedOut": null,
              "duration": 9805,
              "state": "passed",
              "speed": "slow",
              "pass": true,
              "fail": false,
              "pending": false,
              "context": null,
              "code": "cy.get(cqlLibrary.newLibraryBtn).click();\nvar cqlLibraryName = 'CQLLibraryTest' + Date.now();\ncy.get(createNewCqlLibrary.cqlLibraryName).type(cqlLibraryName, {\n  delay: 50\n});\ncy.get(createNewCqlLibrary.modelQDMRadio).click();\ncy.get(createNewCqlLibrary.saveAndContinueBtn).click();\ncy.get(cqlComposer.confirmationContinueBtn).click();\nhelper.visibleWithTimeout(matheader.progressbar);\nhelper.notVisibleWithTimeout(matheader.progressbar);\ncy.get(measurelibrary.cqlLibraryTab).click();\nhelper.visibleWithTimeout(matheader.progressbar);\nhelper.notVisibleWithTimeout(matheader.progressbar);\ncy.get(cqlLibrary.searchInputBox).clear();\ncy.get(cqlLibrary.searchInputBox).type(cqlLibraryName, {\n  delay: 50\n});\ncy.get(cqlLibrary.searchBtn).click();\nhelper.visibleWithTimeout(matheader.progressbar);\nhelper.notVisibleWithTimeout(matheader.progressbar);\ncy.get(cqlLibrary.row1CqlLibrarySearch).click();\nhelper.enabled(cqlLibrary.createVersionCqllibrariesBtn);\nhelper.enabled(cqlLibrary.historyCqllibrariesBtn);\nhelper.enabled(cqlLibrary.editCqllibrariesEnabledBtn);\nhelper.enabled(cqlLibrary.shareCqllibrariesBtn);\nhelper.enabled(cqlLibrary.deleteCqllibrariesBtn);\ncy.get(cqlLibrary.searchInputBox).clear();",
              "err": {},
              "uuid": "b1d91117-874e-4f82-aaa5-f4eb5a1eaed3",
              "parentUUID": "9a27c816-f2a6-4888-8b08-9e900f2104c0",
              "isHook": false,
              "skipped": false
            },
            {
              "title": "Recent Activity Button Bar Create Version",
              "fullTitle": "CQL Library Grid Button Bar Recent Activity Button Bar Create Version",
              "timedOut": null,
              "duration": 10960,
              "state": "passed",
              "speed": "slow",
              "pass": true,
              "fail": false,
              "pending": false,
              "context": null,
              "code": "cy.get(cqlLibrary.newLibraryBtn).click();\nvar cqlLibraryName = 'CQLLibraryTest' + Date.now();\ncy.get(createNewCqlLibrary.cqlLibraryName).type(cqlLibraryName, {\n  delay: 50\n});\ncy.get(createNewCqlLibrary.modelQDMRadio).click();\ncy.get(createNewCqlLibrary.saveAndContinueBtn).click();\ncy.get(cqlComposer.confirmationContinueBtn).click();\nhelper.visibleWithTimeout(matheader.progressbar);\nhelper.notVisibleWithTimeout(matheader.progressbar);\ncy.get(measurelibrary.cqlLibraryTab).click();\nhelper.visibleWithTimeout(matheader.progressbar);\nhelper.notVisibleWithTimeout(matheader.progressbar);\ncy.get(cqlLibrary.row1RecentActivity).eq(1).click();\ncy.get(cqlLibrary.createVersionRecentActivityBtn).click();\ncy.get(cqlLibrary.title).contains(\"My CQL Library > Create CQL Library Version of Draft\");\ncy.get(cqlLibrary.cancelBtn).click();\nhelper.visibleWithTimeout(matheader.progressbar);\nhelper.notVisibleWithTimeout(matheader.progressbar);",
              "err": {},
              "uuid": "331607a1-6e36-4357-93b3-1f40cc845183",
              "parentUUID": "9a27c816-f2a6-4888-8b08-9e900f2104c0",
              "isHook": false,
              "skipped": false
            },
            {
              "title": "Recent Activity Button Bar Create Draft",
              "fullTitle": "CQL Library Grid Button Bar Recent Activity Button Bar Create Draft",
              "timedOut": null,
              "duration": 21926,
              "state": "passed",
              "speed": "slow",
              "pass": true,
              "fail": false,
              "pending": false,
              "context": null,
              "code": "cy.get(cqlLibrary.newLibraryBtn).click();\nvar cqlLibraryName = 'CQLLibraryTest' + Date.now();\ncy.get(createNewCqlLibrary.cqlLibraryName).type(cqlLibraryName, {\n  delay: 50\n});\ncy.get(createNewCqlLibrary.modelQDMRadio).click();\ncy.get(createNewCqlLibrary.saveAndContinueBtn).click();\ncy.get(cqlComposer.confirmationContinueBtn).click();\nhelper.visibleWithTimeout(matheader.progressbar);\nhelper.notVisibleWithTimeout(matheader.progressbar);\ncy.get(measurelibrary.cqlLibraryTab).click();\nhelper.visibleWithTimeout(matheader.progressbar);\nhelper.notVisibleWithTimeout(matheader.progressbar);\ncy.get(cqlLibrary.row1RecentActivity).eq(1).click();\ncy.get(cqlLibrary.createVersionRecentActivityBtn).click();\ncy.get(cqlLibrary.majorVersionTypeRadio).click();\ncy.get(cqlLibrary.saveAndContinueBtn).click();\nhelper.visibleWithTimeout(matheader.progressbar);\nhelper.notVisibleWithTimeout(matheader.progressbar);\ncy.get(cqlLibrary.row1RecentActivity).eq(1).click();\ncy.get(cqlLibrary.createDraftRecentActivityBtn).click();\ncy.get(cqlLibrary.title).contains(\"My CQL Library > Draft CQL Library\");\ncy.get(cqlLibrary.draftCancelBtn).click();\nhelper.visibleWithTimeout(matheader.progressbar);\nhelper.notVisibleWithTimeout(matheader.progressbar);",
              "err": {},
              "uuid": "ff3c8da9-8ebe-4baa-b074-9ce9e249d52c",
              "parentUUID": "9a27c816-f2a6-4888-8b08-9e900f2104c0",
              "isHook": false,
              "skipped": false
            },
            {
              "title": "Recent Activity Button Bar History",
              "fullTitle": "CQL Library Grid Button Bar Recent Activity Button Bar History",
              "timedOut": null,
              "duration": 5421,
              "state": "passed",
              "speed": "slow",
              "pass": true,
              "fail": false,
              "pending": false,
              "context": null,
              "code": "cy.get(cqlLibrary.row1CqlLibrarySearch).dblclick();\nhelper.visibleWithTimeout(matheader.progressbar);\nhelper.notVisibleWithTimeout(matheader.progressbar);\ncy.get(measurelibrary.cqlLibraryTab).click();\nhelper.visibleWithTimeout(matheader.progressbar);\nhelper.notVisibleWithTimeout(matheader.progressbar);\ncy.get(cqlLibrary.row1RecentActivity).eq(1).click();\ncy.get(cqlLibrary.historyRecentActivityBtn).click();\ncy.get(cqlLibrary.title).contains(\"My CQL Library > History\");\ncy.get(cqlLibrary.returnToCqlLibrary).click();",
              "err": {},
              "uuid": "f1d60621-acba-4600-b32b-7d75acde7f5d",
              "parentUUID": "9a27c816-f2a6-4888-8b08-9e900f2104c0",
              "isHook": false,
              "skipped": false
            },
            {
              "title": "Recent Activity Button Bar View",
              "fullTitle": "CQL Library Grid Button Bar Recent Activity Button Bar View",
              "timedOut": null,
              "duration": 25539,
              "state": "passed",
              "speed": "slow",
              "pass": true,
              "fail": false,
              "pending": false,
              "context": null,
              "code": "cy.get(cqlLibrary.newLibraryBtn).click();\nvar cqlLibraryName = 'CQLLibraryTest' + Date.now();\ncy.get(createNewCqlLibrary.cqlLibraryName).type(cqlLibraryName, {\n  delay: 50\n});\ncy.get(createNewCqlLibrary.modelQDMRadio).click();\ncy.get(createNewCqlLibrary.saveAndContinueBtn).click();\ncy.get(cqlComposer.confirmationContinueBtn).click();\nhelper.visibleWithTimeout(matheader.progressbar);\nhelper.notVisibleWithTimeout(matheader.progressbar);\ncy.get(measurelibrary.cqlLibraryTab).click();\nhelper.visibleWithTimeout(matheader.progressbar);\nhelper.notVisibleWithTimeout(matheader.progressbar);\ncy.get(cqlLibrary.row1RecentActivity).eq(1).click();\ncy.get(cqlLibrary.createVersionRecentActivityBtn).click();\ncy.get(cqlLibrary.majorVersionTypeRadio).click();\ncy.get(cqlLibrary.saveAndContinueBtn).click();\nhelper.visibleWithTimeout(matheader.progressbar);\nhelper.notVisibleWithTimeout(matheader.progressbar);\ncy.get(cqlLibrary.row1RecentActivity).eq(1).click();\ncy.get(cqlLibrary.viewRecentActivityBtn).click();\nhelper.visibleWithTimeout(matheader.progressbar);\nhelper.notVisibleWithTimeout(matheader.progressbar);\nhelper.disabled(cqlComposer.saveBtn);\ncy.get(measurelibrary.cqlLibraryTab).click();\nhelper.visibleWithTimeout(matheader.progressbar);\nhelper.notVisibleWithTimeout(matheader.progressbar);",
              "err": {},
              "uuid": "784f265d-0e99-4e3d-8a48-45e778a211f0",
              "parentUUID": "9a27c816-f2a6-4888-8b08-9e900f2104c0",
              "isHook": false,
              "skipped": false
            },
            {
              "title": "Recent Activity Button Bar Edit",
              "fullTitle": "CQL Library Grid Button Bar Recent Activity Button Bar Edit",
              "timedOut": null,
              "duration": 11687,
              "state": "passed",
              "speed": "slow",
              "pass": true,
              "fail": false,
              "pending": false,
              "context": null,
              "code": "cy.get(cqlLibrary.newLibraryBtn).click();\nvar cqlLibraryName = 'CQLLibraryTest' + Date.now();\ncy.get(createNewCqlLibrary.cqlLibraryName).type(cqlLibraryName, {\n  delay: 50\n});\ncy.get(createNewCqlLibrary.modelQDMRadio).click();\ncy.get(createNewCqlLibrary.saveAndContinueBtn).click();\ncy.get(cqlComposer.confirmationContinueBtn).click();\nhelper.visibleWithTimeout(matheader.progressbar);\nhelper.notVisibleWithTimeout(matheader.progressbar);\ncy.get(measurelibrary.cqlLibraryTab).click();\nhelper.visibleWithTimeout(matheader.progressbar);\nhelper.notVisibleWithTimeout(matheader.progressbar);\ncy.get(cqlLibrary.row1RecentActivity).eq(1).click();\ncy.get(cqlLibrary.editRecentActivityEnabledBtn).click();\nhelper.visibleWithTimeout(matheader.progressbar);\nhelper.notVisibleWithTimeout(matheader.progressbar);\nhelper.enabled(cqlComposer.saveBtn);\ncy.get(measurelibrary.cqlLibraryTab).click();\nhelper.visibleWithTimeout(matheader.progressbar);\nhelper.notVisibleWithTimeout(matheader.progressbar);",
              "err": {},
              "uuid": "9ef0a6c3-487b-4652-b51b-13a1504997e8",
              "parentUUID": "9a27c816-f2a6-4888-8b08-9e900f2104c0",
              "isHook": false,
              "skipped": false
            },
            {
              "title": "Recent Activity Button Bar Share",
              "fullTitle": "CQL Library Grid Button Bar Recent Activity Button Bar Share",
              "timedOut": null,
              "duration": 11087,
              "state": "passed",
              "speed": "slow",
              "pass": true,
              "fail": false,
              "pending": false,
              "context": null,
              "code": "cy.get(cqlLibrary.newLibraryBtn).click();\nvar cqlLibraryName = 'CQLLibraryTest' + Date.now();\ncy.get(createNewCqlLibrary.cqlLibraryName).type(cqlLibraryName, {\n  delay: 50\n});\ncy.get(createNewCqlLibrary.modelQDMRadio).click();\ncy.get(createNewCqlLibrary.saveAndContinueBtn).click();\ncy.get(cqlComposer.confirmationContinueBtn).click();\nhelper.visibleWithTimeout(matheader.progressbar);\nhelper.notVisibleWithTimeout(matheader.progressbar);\ncy.get(measurelibrary.cqlLibraryTab).click();\nhelper.visibleWithTimeout(matheader.progressbar);\nhelper.notVisibleWithTimeout(matheader.progressbar);\ncy.get(cqlLibrary.row1RecentActivity).eq(1).click();\ncy.get(cqlLibrary.shareRecentActivityBtn).click();\nhelper.visibleWithTimeout(matheader.progressbar);\nhelper.notVisibleWithTimeout(matheader.progressbar);\ncy.get(cqlLibrary.title).contains(\"My CQL Libraries > CQL Library Sharing\");\ncy.get(cqlLibrary.shareCancelBtn).click();\nhelper.visibleWithTimeout(matheader.progressbar);\nhelper.notVisibleWithTimeout(matheader.progressbar);",
              "err": {},
              "uuid": "967b17a7-57f1-4569-b646-e4a1172c0319",
              "parentUUID": "9a27c816-f2a6-4888-8b08-9e900f2104c0",
              "isHook": false,
              "skipped": false
            },
            {
              "title": "Recent Activity Button Bar Delete",
              "fullTitle": "CQL Library Grid Button Bar Recent Activity Button Bar Delete",
              "timedOut": null,
              "duration": 6631,
              "state": "passed",
              "speed": "slow",
              "pass": true,
              "fail": false,
              "pending": false,
              "context": null,
              "code": "cy.get(cqlLibrary.newLibraryBtn).click();\nvar cqlLibraryName = 'CQLLibraryTest' + Date.now();\ncy.get(createNewCqlLibrary.cqlLibraryName).type(cqlLibraryName, {\n  delay: 50\n});\ncy.get(createNewCqlLibrary.modelQDMRadio).click();\ncy.get(createNewCqlLibrary.saveAndContinueBtn).click();\ncy.get(cqlComposer.confirmationContinueBtn).click();\nhelper.visibleWithTimeout(matheader.progressbar);\nhelper.notVisibleWithTimeout(matheader.progressbar);\ncy.get(measurelibrary.cqlLibraryTab).click();\nhelper.visibleWithTimeout(matheader.progressbar);\nhelper.notVisibleWithTimeout(matheader.progressbar);\ncy.get(cqlLibrary.row1RecentActivity).eq(1).click();\ncy.get(cqlLibrary.deleteRecentActivityBtn).click();\nhelper.visible(cqlLibrary.modal);\ncy.get(cqlLibrary.modalCloseBtn).click();\ncy.get(cqlLibrary.row1RecentActivity).eq(1).click();",
              "err": {},
              "uuid": "7fece249-353c-4dad-8897-3a685ea90e58",
              "parentUUID": "9a27c816-f2a6-4888-8b08-9e900f2104c0",
              "isHook": false,
              "skipped": false
            },
            {
              "title": "CQL Libraries Button Bar Create Version",
              "fullTitle": "CQL Library Grid Button Bar CQL Libraries Button Bar Create Version",
              "timedOut": null,
              "duration": 9981,
              "state": "passed",
              "speed": "slow",
              "pass": true,
              "fail": false,
              "pending": false,
              "context": null,
              "code": "cy.get(cqlLibrary.newLibraryBtn).click();\nvar cqlLibraryName = 'CQLLibraryTest' + Date.now();\ncy.get(createNewCqlLibrary.cqlLibraryName).type(cqlLibraryName, {\n  delay: 50\n});\ncy.get(createNewCqlLibrary.modelQDMRadio).click();\ncy.get(createNewCqlLibrary.saveAndContinueBtn).click();\ncy.get(cqlComposer.confirmationContinueBtn).click();\nhelper.visibleWithTimeout(matheader.progressbar);\nhelper.notVisibleWithTimeout(matheader.progressbar);\ncy.get(measurelibrary.cqlLibraryTab).click();\nhelper.visibleWithTimeout(matheader.progressbar);\nhelper.notVisibleWithTimeout(matheader.progressbar); //cy.get(cqlLibrary.searchInputBox).clear()\ncy.get(cqlLibrary.searchInputBox).type(cqlLibraryName, {\n  delay: 50\n});\ncy.get(cqlLibrary.searchBtn).click();\nhelper.visibleWithTimeout(matheader.progressbar);\nhelper.notVisibleWithTimeout(matheader.progressbar);\ncy.get(cqlLibrary.row1CqlLibrarySearch).click();\ncy.wait(1000);\ncy.get(cqlLibrary.row1CqlLibrarySearch).click();\ncy.get(cqlLibrary.createVersionCqllibrariesBtn).click();\ncy.get(cqlLibrary.title).contains(\"My CQL Library > Create CQL Library Version of Draft\");\ncy.get(cqlLibrary.cancelBtn).click();\nhelper.visibleWithTimeout(matheader.progressbar);\nhelper.notVisibleWithTimeout(matheader.progressbar);",
              "err": {},
              "uuid": "408c2f5d-2397-4ad9-b22b-4a6545a86cc2",
              "parentUUID": "9a27c816-f2a6-4888-8b08-9e900f2104c0",
              "isHook": false,
              "skipped": false
            },
            {
              "title": "CQL Libraries Button Bar Create Draft",
              "fullTitle": "CQL Library Grid Button Bar CQL Libraries Button Bar Create Draft",
              "timedOut": null,
              "duration": 10077,
              "state": "passed",
              "speed": "slow",
              "pass": true,
              "fail": false,
              "pending": false,
              "context": null,
              "code": "cy.get(cqlLibrary.newLibraryBtn).click();\nvar cqlLibraryName = 'CQLLibraryTest' + Date.now();\ncy.get(createNewCqlLibrary.cqlLibraryName).type(cqlLibraryName, {\n  delay: 50\n});\ncy.get(createNewCqlLibrary.modelQDMRadio).click();\ncy.get(createNewCqlLibrary.saveAndContinueBtn).click();\ncy.get(cqlComposer.confirmationContinueBtn).click();\nhelper.visibleWithTimeout(matheader.progressbar);\nhelper.notVisibleWithTimeout(matheader.progressbar);\ncy.get(measurelibrary.cqlLibraryTab).click();\nhelper.visibleWithTimeout(matheader.progressbar);\nhelper.notVisibleWithTimeout(matheader.progressbar);\ncy.get(cqlLibrary.searchInputBox).clear();\ncy.get(cqlLibrary.searchInputBox).type(cqlLibraryName, {\n  delay: 50\n});\ncy.get(cqlLibrary.searchBtn).click();\nhelper.visibleWithTimeout(matheader.progressbar);\nhelper.notVisibleWithTimeout(matheader.progressbar);\ncy.get(cqlLibrary.row1CqlLibrarySearch).click();\ncy.wait(1000);\ncy.get(cqlLibrary.row1CqlLibrarySearch).click();\ncy.get(cqlLibrary.createVersionCqllibrariesBtn).click();\ncy.get(cqlLibrary.majorVersionTypeRadio).click();\ncy.get(cqlLibrary.saveAndContinueBtn).click();\nhelper.visibleWithTimeout(matheader.progressbar);\nhelper.notVisibleWithTimeout(matheader.progressbar);\ncy.get(cqlLibrary.row1CqlLibrarySearch).click();\ncy.wait(1000);\ncy.get(cqlLibrary.row1CqlLibrarySearch).click();\ncy.get(cqlLibrary.createDraftCqllibrariesBtn).click();\ncy.get(cqlLibrary.title).contains(\"My CQL Library > Draft CQL Library\");\ncy.get(cqlLibrary.draftCancelBtn).click();\nhelper.visibleWithTimeout(matheader.progressbar);\nhelper.notVisibleWithTimeout(matheader.progressbar);",
              "err": {},
              "uuid": "33696c37-a25a-461e-8a9b-333fe4ede3e0",
              "parentUUID": "9a27c816-f2a6-4888-8b08-9e900f2104c0",
              "isHook": false,
              "skipped": false
            },
            {
              "title": "CQL Libraries Button Bar History",
              "fullTitle": "CQL Library Grid Button Bar CQL Libraries Button Bar History",
              "timedOut": null,
              "duration": 2015,
              "state": "passed",
              "speed": "slow",
              "pass": true,
              "fail": false,
              "pending": false,
              "context": null,
              "code": "cy.get(cqlLibrary.row1CqlLibrarySearch).click();\ncy.wait(1000);\ncy.get(cqlLibrary.row1CqlLibrarySearch).click();\ncy.get(cqlLibrary.historyCqllibrariesBtn).click();\ncy.get(cqlLibrary.title).contains(\"My CQL Library > History\");\ncy.get(cqlLibrary.returnToCqlLibrary).click();\nhelper.visibleWithTimeout(matheader.progressbar);\nhelper.notVisibleWithTimeout(matheader.progressbar);",
              "err": {},
              "uuid": "2dcd61be-d91d-44b8-8e73-29fa3542d8c5",
              "parentUUID": "9a27c816-f2a6-4888-8b08-9e900f2104c0",
              "isHook": false,
              "skipped": false
            },
            {
              "title": "CQL Libraries Button Bar View",
              "fullTitle": "CQL Library Grid Button Bar CQL Libraries Button Bar View",
              "timedOut": null,
              "duration": 2964,
              "state": "passed",
              "speed": "slow",
              "pass": true,
              "fail": false,
              "pending": false,
              "context": null,
              "code": "cy.get(cqlLibrary.row1CqlLibrarySearch).click();\ncy.wait(1000);\ncy.get(cqlLibrary.row1CqlLibrarySearch).click();\ncy.get(cqlLibrary.viewCqllibrariesBtn).click();\nhelper.visibleWithTimeout(matheader.progressbar);\nhelper.notVisibleWithTimeout(matheader.progressbar);\nhelper.disabled(cqlComposer.saveBtn);\ncy.get(measurelibrary.cqlLibraryTab).click();\nhelper.visibleWithTimeout(matheader.progressbar);\nhelper.notVisibleWithTimeout(matheader.progressbar);",
              "err": {},
              "uuid": "3872970b-2348-4921-b2d5-74b4c4640aad",
              "parentUUID": "9a27c816-f2a6-4888-8b08-9e900f2104c0",
              "isHook": false,
              "skipped": false
            },
            {
              "title": "CQL Libraries Button Bar Edit",
              "fullTitle": "CQL Library Grid Button Bar CQL Libraries Button Bar Edit",
              "timedOut": null,
              "duration": 9334,
              "state": "passed",
              "speed": "slow",
              "pass": true,
              "fail": false,
              "pending": false,
              "context": null,
              "code": "cy.get(cqlLibrary.newLibraryBtn).click();\nvar cqlLibraryName = 'CQLLibraryTest' + Date.now();\ncy.get(createNewCqlLibrary.cqlLibraryName).type(cqlLibraryName, {\n  delay: 50\n});\ncy.get(createNewCqlLibrary.modelQDMRadio).click();\ncy.get(createNewCqlLibrary.saveAndContinueBtn).click();\ncy.get(cqlComposer.confirmationContinueBtn).click();\nhelper.visibleWithTimeout(matheader.progressbar);\nhelper.notVisibleWithTimeout(matheader.progressbar);\ncy.get(measurelibrary.cqlLibraryTab).click();\nhelper.visibleWithTimeout(matheader.progressbar);\nhelper.notVisibleWithTimeout(matheader.progressbar);\ncy.get(cqlLibrary.searchInputBox).clear();\ncy.get(cqlLibrary.searchInputBox).type(cqlLibraryName, {\n  delay: 50\n});\ncy.get(cqlLibrary.searchBtn).click();\nhelper.visibleWithTimeout(matheader.progressbar);\nhelper.notVisibleWithTimeout(matheader.progressbar);\ncy.get(cqlLibrary.row1CqlLibrarySearch).click();\ncy.wait(1000);\ncy.get(cqlLibrary.row1CqlLibrarySearch).click();\ncy.get(cqlLibrary.editCqllibrariesEnabledBtn).click();\nhelper.visibleWithTimeout(matheader.progressbar);\nhelper.notVisibleWithTimeout(matheader.progressbar);\nhelper.enabled(cqlComposer.saveBtn);\ncy.get(measurelibrary.cqlLibraryTab).click();\nhelper.visibleWithTimeout(matheader.progressbar);\nhelper.notVisibleWithTimeout(matheader.progressbar);",
              "err": {},
              "uuid": "9c85da51-713b-4b5d-ac20-8b0daa81581a",
              "parentUUID": "9a27c816-f2a6-4888-8b08-9e900f2104c0",
              "isHook": false,
              "skipped": false
            },
            {
              "title": "CQL Libraries Button Bar Share",
              "fullTitle": "CQL Library Grid Button Bar CQL Libraries Button Bar Share",
              "timedOut": null,
              "duration": 9773,
              "state": "passed",
              "speed": "slow",
              "pass": true,
              "fail": false,
              "pending": false,
              "context": null,
              "code": "cy.get(cqlLibrary.newLibraryBtn).click();\nvar cqlLibraryName = 'CQLLibraryTest' + Date.now();\ncy.get(createNewCqlLibrary.cqlLibraryName).type(cqlLibraryName, {\n  delay: 50\n});\ncy.get(createNewCqlLibrary.modelQDMRadio).click();\ncy.get(createNewCqlLibrary.saveAndContinueBtn).click();\ncy.get(cqlComposer.confirmationContinueBtn).click();\nhelper.visibleWithTimeout(matheader.progressbar);\nhelper.notVisibleWithTimeout(matheader.progressbar);\ncy.get(measurelibrary.cqlLibraryTab).click();\nhelper.visibleWithTimeout(matheader.progressbar);\nhelper.notVisibleWithTimeout(matheader.progressbar);\ncy.get(cqlLibrary.searchInputBox).clear();\ncy.get(cqlLibrary.searchInputBox).type(cqlLibraryName, {\n  delay: 50\n});\ncy.get(cqlLibrary.searchBtn).click();\nhelper.visibleWithTimeout(matheader.progressbar);\nhelper.notVisibleWithTimeout(matheader.progressbar);\ncy.get(cqlLibrary.row1CqlLibrarySearch).click();\ncy.wait(1000);\ncy.get(cqlLibrary.row1CqlLibrarySearch).click();\ncy.get(cqlLibrary.shareCqllibrariesBtn).click();\nhelper.visibleWithTimeout(matheader.progressbar);\nhelper.notVisibleWithTimeout(matheader.progressbar);\ncy.get(cqlLibrary.title).contains(\"My CQL Libraries > CQL Library Sharing\");\ncy.get(cqlLibrary.shareCancelBtn).click();\nhelper.visibleWithTimeout(matheader.progressbar);\nhelper.notVisibleWithTimeout(matheader.progressbar);",
              "err": {},
              "uuid": "71e44082-e63c-4cc3-85ed-5754fa4aab3a",
              "parentUUID": "9a27c816-f2a6-4888-8b08-9e900f2104c0",
              "isHook": false,
              "skipped": false
            },
            {
              "title": "CQL Libraries Button Bar Delete",
              "fullTitle": "CQL Library Grid Button Bar CQL Libraries Button Bar Delete",
              "timedOut": null,
              "duration": 8644,
              "state": "passed",
              "speed": "slow",
              "pass": true,
              "fail": false,
              "pending": false,
              "context": null,
              "code": "cy.get(cqlLibrary.newLibraryBtn).click();\nvar cqlLibraryName = 'CQLLibraryTest' + Date.now();\ncy.get(createNewCqlLibrary.cqlLibraryName).type(cqlLibraryName, {\n  delay: 50\n});\ncy.get(createNewCqlLibrary.modelQDMRadio).click();\ncy.get(createNewCqlLibrary.saveAndContinueBtn).click();\ncy.get(cqlComposer.confirmationContinueBtn).click();\nhelper.visibleWithTimeout(matheader.progressbar);\nhelper.notVisibleWithTimeout(matheader.progressbar);\ncy.get(measurelibrary.cqlLibraryTab).click();\nhelper.visibleWithTimeout(matheader.progressbar);\nhelper.notVisibleWithTimeout(matheader.progressbar);\ncy.get(cqlLibrary.searchInputBox).clear();\ncy.get(cqlLibrary.searchInputBox).type(cqlLibraryName, {\n  delay: 50\n});\ncy.get(cqlLibrary.searchBtn).click();\nhelper.visibleWithTimeout(matheader.progressbar);\nhelper.notVisibleWithTimeout(matheader.progressbar);\ncy.get(cqlLibrary.row1CqlLibrarySearch).click();\ncy.wait(1000);\ncy.get(cqlLibrary.row1CqlLibrarySearch).click();\ncy.get(cqlLibrary.deleteCqllibrariesBtn).click();\nhelper.visible(cqlLibrary.modal);\ncy.get(cqlLibrary.modalCloseBtn).click();\ncy.get(cqlLibrary.row1CqlLibrarySearch).click();\ncy.wait(1000);\ncy.get(cqlLibrary.row1CqlLibrarySearch).click();",
              "err": {},
              "uuid": "bd7a5c3e-9d9f-4308-b80c-bb116a4a6707",
              "parentUUID": "9a27c816-f2a6-4888-8b08-9e900f2104c0",
              "isHook": false,
              "skipped": false
            }
          ],
          "suites": [],
          "passes": [
            "4088e21a-4800-44c9-8fd8-d720aaf87b06",
            "c25c645a-f28c-4a26-a729-210b7bc2de23",
            "687bc044-bf9d-4243-88c4-268cdcaba85b",
            "b1d91117-874e-4f82-aaa5-f4eb5a1eaed3",
            "331607a1-6e36-4357-93b3-1f40cc845183",
            "ff3c8da9-8ebe-4baa-b074-9ce9e249d52c",
            "f1d60621-acba-4600-b32b-7d75acde7f5d",
            "784f265d-0e99-4e3d-8a48-45e778a211f0",
            "9ef0a6c3-487b-4652-b51b-13a1504997e8",
            "967b17a7-57f1-4569-b646-e4a1172c0319",
            "7fece249-353c-4dad-8897-3a685ea90e58",
            "408c2f5d-2397-4ad9-b22b-4a6545a86cc2",
            "33696c37-a25a-461e-8a9b-333fe4ede3e0",
            "2dcd61be-d91d-44b8-8e73-29fa3542d8c5",
            "3872970b-2348-4921-b2d5-74b4c4640aad",
            "9c85da51-713b-4b5d-ac20-8b0daa81581a",
            "71e44082-e63c-4cc3-85ed-5754fa4aab3a",
            "bd7a5c3e-9d9f-4308-b80c-bb116a4a6707"
          ],
          "failures": [],
          "pending": [],
          "skipped": [],
          "duration": 190488,
          "root": false,
          "rootEmpty": false,
          "_timeout": 2000
        }
      ],
      "passes": [],
      "failures": [],
      "pending": [],
      "skipped": [],
      "duration": 0,
      "root": true,
      "rootEmpty": true,
      "_timeout": 2000
    },
    {
      "uuid": "3832c054-0f02-48c2-9820-306633ac7ce5",
      "title": "",
      "fullFile": "",
      "file": "",
      "beforeHooks": [],
      "afterHooks": [],
      "tests": [],
      "suites": [
        {
          "uuid": "6fd72190-efe0-4439-a795-8b4cb9ddadf1",
          "title": "CQL Composer: CQL Library Workspace: Definition",
          "fullFile": "",
          "file": "",
          "beforeHooks": [],
          "afterHooks": [],
          "tests": [
            {
              "title": "Enabled/Disabled QDM CQL Library Owner",
              "fullTitle": "CQL Composer: CQL Library Workspace: Definition Enabled/Disabled QDM CQL Library Owner",
              "timedOut": null,
              "duration": 17804,
              "state": "passed",
              "speed": "slow",
              "pass": true,
              "fail": false,
              "pending": false,
              "context": null,
              "code": "cy.get(cqlLibrary.newLibraryBtn).click();\nvar cqlLibraryName = 'CQLLibraryTest' + Date.now();\ncy.get(createNewCqlLibrary.cqlLibraryName).type(cqlLibraryName, {\n  delay: 50\n});\ncy.get(createNewCqlLibrary.modelQDMRadio).click();\ncy.get(createNewCqlLibrary.saveAndContinueBtn).click();\ncy.get(cqlComposer.confirmationContinueBtn).click();\nhelper.visibleWithTimeout(matheader.progressbar);\nhelper.notVisibleWithTimeout(matheader.progressbar);\ncy.get(cqlComposer.definition).click();\nhelper.enabled(cqlComposer.definitionAddNewBtn);\nhelper.enabled(cqlComposer.definitionInformationBtn);\nhelper.enabled(cqlComposer.definitionInsertBtn);\nhelper.enabled(cqlComposer.definitionExpressionBuilderBtn);\nhelper.enabled(cqlComposer.definitionSaveBtn);\nhelper.enabled(cqlComposer.definitionEraseBtn);\nhelper.disabled(cqlComposer.definitionDeleteBtn);\ncy.get(measurelibrary.cqlLibraryTab).click();\nhelper.visibleWithTimeout(matheader.progressbar);\nhelper.notVisibleWithTimeout(matheader.progressbar);",
              "err": {},
              "uuid": "3a0fe1bb-b599-4527-b6d8-d933915a66dd",
              "parentUUID": "6fd72190-efe0-4439-a795-8b4cb9ddadf1",
              "isHook": false,
              "skipped": false
            },
            {
              "title": "Enabled/Disabled FHIR CQL Library Owner",
              "fullTitle": "CQL Composer: CQL Library Workspace: Definition Enabled/Disabled FHIR CQL Library Owner",
              "timedOut": null,
              "duration": 6138,
              "state": "passed",
              "speed": "slow",
              "pass": true,
              "fail": false,
              "pending": false,
              "context": null,
              "code": "cy.get(cqlLibrary.newLibraryBtn).click();\nvar cqlLibraryName = 'CQLLibraryTest' + Date.now();\ncy.get(createNewCqlLibrary.cqlLibraryName).type(cqlLibraryName, {\n  delay: 50\n});\ncy.get(createNewCqlLibrary.modelFHIRRadio).click();\ncy.get(createNewCqlLibrary.saveAndContinueBtn).click();\ncy.get(cqlComposer.confirmationContinueBtn).click();\nhelper.visibleWithTimeout(matheader.progressbar);\nhelper.notVisibleWithTimeout(matheader.progressbar);\ncy.get(cqlComposer.definition).click();\nhelper.enabled(cqlComposer.definitionAddNewBtn);\nhelper.enabled(cqlComposer.definitionInformationBtn);\nhelper.enabled(cqlComposer.definitionInsertBtn);\nhelper.disabled(cqlComposer.definitionExpressionBuilderBtn);\nhelper.enabled(cqlComposer.definitionSaveBtn);\nhelper.enabled(cqlComposer.definitionEraseBtn);\nhelper.disabled(cqlComposer.definitionDeleteBtn);\ncy.get(measurelibrary.measureLibraryTab).click();\nhelper.visibleWithTimeout(matheader.progressbar);\nhelper.notVisibleWithTimeout(matheader.progressbar);",
              "err": {},
              "uuid": "bc639727-bf5b-4ac3-b6e6-3f906d9fd02a",
              "parentUUID": "6fd72190-efe0-4439-a795-8b4cb9ddadf1",
              "isHook": false,
              "skipped": false
            }
          ],
          "suites": [],
          "passes": [
            "3a0fe1bb-b599-4527-b6d8-d933915a66dd",
            "bc639727-bf5b-4ac3-b6e6-3f906d9fd02a"
          ],
          "failures": [],
          "pending": [],
          "skipped": [],
          "duration": 23942,
          "root": false,
          "rootEmpty": false,
          "_timeout": 2000
        }
      ],
      "passes": [],
      "failures": [],
      "pending": [],
      "skipped": [],
      "duration": 0,
      "root": true,
      "rootEmpty": true,
      "_timeout": 2000
    },
    {
      "uuid": "ac09abf9-71cf-4d14-99fe-9914a4006059",
      "title": "",
      "fullFile": "",
      "file": "",
      "beforeHooks": [],
      "afterHooks": [],
      "tests": [],
      "suites": [
        {
          "uuid": "818b59b2-441b-462a-a08e-8a607e94b4c3",
          "title": "Measure Composer: CQL Workspace: Definition",
          "fullFile": "",
          "file": "",
          "beforeHooks": [],
          "afterHooks": [],
          "tests": [
            {
              "title": "Enabled/Disabled QDM Measure Owner",
              "fullTitle": "Measure Composer: CQL Workspace: Definition Enabled/Disabled QDM Measure Owner",
              "timedOut": null,
              "duration": 22275,
              "state": "passed",
              "speed": "slow",
              "pass": true,
              "fail": false,
              "pending": false,
              "context": null,
              "code": "cy.get(measurelibrary.newMeasureButton).click();\nmeasureName = 'createProportionMeasure' + Date.now();\ncy.get(createNewMeasure.measureName).type(measureName, {\n  delay: 50\n});\ncy.get(createNewMeasure.modelradioQDM).click();\ncy.get(createNewMeasure.cqlLibraryName).type(measureName, {\n  delay: 50\n});\ncy.get(createNewMeasure.shortName).type(measureName, {\n  delay: 50\n});\ncy.get(createNewMeasure.measureScoringListBox).select('Proportion');\ncy.get(createNewMeasure.patientBasedMeasureListBox).select('Yes');\ncy.get(createNewMeasure.saveAndContinueBtn).click();\ncy.get(createNewMeasure.confirmationContinueBtn).click();\nhelper.visibleWithTimeout(matheader.progressbar);\nhelper.notVisibleWithTimeout(matheader.progressbar);\ncy.get(measureComposer.cqlWorkspace).click();\nhelper.visibleWithTimeout(matheader.progressbar);\nhelper.notVisibleWithTimeout(matheader.progressbar);\ncy.get(measureComposer.definition).click();\nhelper.enabled(measureComposer.definitionAddNewBtn);\nhelper.enabled(measureComposer.definitionInformationBtn);\nhelper.enabled(measureComposer.definitionInsertBtn);\nhelper.enabled(measureComposer.definitionExpressionBuilderBtn);\nhelper.enabled(measureComposer.definitionSaveBtn);\nhelper.enabled(measureComposer.definitionEraseBtn);\nhelper.disabled(measureComposer.definitionDeleteBtn);\ncy.get(measurelibrary.measureLibraryTab).click();\nhelper.visibleWithTimeout(matheader.progressbar);\nhelper.notVisibleWithTimeout(matheader.progressbar);",
              "err": {},
              "uuid": "ffa6a4ba-8a8f-4d23-a432-2bc6c0454efd",
              "parentUUID": "818b59b2-441b-462a-a08e-8a607e94b4c3",
              "isHook": false,
              "skipped": false
            },
            {
              "title": "Enabled/Disabled FHIR Measure Owner",
              "fullTitle": "Measure Composer: CQL Workspace: Definition Enabled/Disabled FHIR Measure Owner",
              "timedOut": null,
              "duration": 12345,
              "state": "passed",
              "speed": "slow",
              "pass": true,
              "fail": false,
              "pending": false,
              "context": null,
              "code": "cy.get(measurelibrary.newMeasureButton).click();\nmeasureName = 'createProportionMeasure' + Date.now();\ncy.get(createNewMeasure.measureName).type(measureName, {\n  delay: 50\n});\ncy.get(createNewMeasure.modelradioFHIR).click();\ncy.get(createNewMeasure.cqlLibraryName).type(measureName, {\n  delay: 50\n});\ncy.get(createNewMeasure.shortName).type(measureName, {\n  delay: 50\n});\ncy.get(createNewMeasure.measureScoringListBox).select('Proportion');\ncy.get(createNewMeasure.patientBasedMeasureListBox).select('Yes');\ncy.get(createNewMeasure.saveAndContinueBtn).click();\ncy.get(createNewMeasure.confirmationContinueBtn).click();\nhelper.visibleWithTimeout(matheader.progressbar);\nhelper.notVisibleWithTimeout(matheader.progressbar);\ncy.get(measureComposer.cqlWorkspace).click();\nhelper.visibleWithTimeout(matheader.progressbar);\nhelper.notVisibleWithTimeout(matheader.progressbar);\ncy.get(measureComposer.definition).click();\nhelper.enabled(measureComposer.definitionAddNewBtn);\nhelper.enabled(measureComposer.definitionInformationBtn);\nhelper.enabled(measureComposer.definitionInsertBtn);\nhelper.disabled(measureComposer.definitionExpressionBuilderBtn);\nhelper.enabled(measureComposer.definitionSaveBtn);\nhelper.enabled(measureComposer.definitionEraseBtn);\nhelper.disabled(measureComposer.definitionDeleteBtn);\ncy.get(measurelibrary.measureLibraryTab).click();\nhelper.visibleWithTimeout(matheader.progressbar);\nhelper.notVisibleWithTimeout(matheader.progressbar);",
              "err": {},
              "uuid": "768f46a7-2276-4e72-8947-44adca6e6e93",
              "parentUUID": "818b59b2-441b-462a-a08e-8a607e94b4c3",
              "isHook": false,
              "skipped": false
            }
          ],
          "suites": [],
          "passes": [
            "ffa6a4ba-8a8f-4d23-a432-2bc6c0454efd",
            "768f46a7-2276-4e72-8947-44adca6e6e93"
          ],
          "failures": [],
          "pending": [],
          "skipped": [],
          "duration": 34620,
          "root": false,
          "rootEmpty": false,
          "_timeout": 2000
        }
      ],
      "passes": [],
      "failures": [],
      "pending": [],
      "skipped": [],
      "duration": 0,
      "root": true,
      "rootEmpty": true,
      "_timeout": 2000
    },
    {
      "uuid": "ec5d24ce-4b6f-40e6-b2bc-d4dde3f5e9dd",
      "title": "",
      "fullFile": "",
      "file": "",
      "beforeHooks": [],
      "afterHooks": [],
      "tests": [],
      "suites": [
        {
          "uuid": "af87ba0f-2d8c-447e-be38-c781ae56298c",
          "title": "Measure Library Grid Selection",
          "fullFile": "",
          "file": "",
          "beforeHooks": [],
          "afterHooks": [],
          "tests": [
            {
              "title": "Recent Activity",
              "fullTitle": "Measure Library Grid Selection Recent Activity",
              "timedOut": null,
              "duration": 142862,
              "state": "failed",
              "speed": null,
              "pass": false,
              "fail": true,
              "pending": false,
              "context": null,
              "code": "//populating recent activity grid\ncy.get(measurelibrary.row1MeasureSearch).dblclick();\nhelper.visibleWithTimeout(matheader.progressbar);\nhelper.notVisibleWithTimeout(matheader.progressbar);\ncy.get(measurelibrary.measureLibraryTab).click();\nhelper.visibleWithTimeout(matheader.progressbar);\nhelper.notVisibleWithTimeout(matheader.progressbar);\ncy.get(measurelibrary.row2MeasureSearch).dblclick();\nhelper.visibleWithTimeout(matheader.progressbar);\nhelper.notVisibleWithTimeout(matheader.progressbar);\ncy.get(measurelibrary.measureLibraryTab).click();\nhelper.visibleWithTimeout(matheader.progressbar);\nhelper.notVisibleWithTimeout(matheader.progressbar);\ncy.get(measurelibrary.row1RecentActivity).click();\nhelper.isChecked(measurelibrary.row1RecentActivityCheckbox);\ncy.get(measurelibrary.row2RecentActivity).click();\nhelper.isChecked(measurelibrary.row2RecentActivityCheckbox);\nhelper.isChecked(measurelibrary.row1RecentActivityCheckbox);\ncy.wait(1000);\ncy.get(measurelibrary.row2RecentActivity).click();\nhelper.isNotChecked(measurelibrary.row2RecentActivityCheckbox);\ncy.get(measurelibrary.row1RecentActivity).click();\nhelper.isNotChecked(measurelibrary.row1RecentActivityCheckbox);",
              "err": {
                "message": "CypressError: Timed out retrying: Expected to find element: '#MeasureSearchCellTable [__gwt_row=\"1\"]', but never found it.",
                "estack": "CypressError: Timed out retrying: Expected to find element: '#MeasureSearchCellTable [__gwt_row=\"1\"]', but never found it.\n    at Object.cypressErr (https://matdev.semanticbits.com/__cypress/runner/cypress_runner.js:104968:11)\n    at Object.throwErr (https://matdev.semanticbits.com/__cypress/runner/cypress_runner.js:104923:18)\n    at Object.throwErrByPath (https://matdev.semanticbits.com/__cypress/runner/cypress_runner.js:104955:17)\n    at retry (https://matdev.semanticbits.com/__cypress/runner/cypress_runner.js:96290:16)\n    at onFailFn (https://matdev.semanticbits.com/__cypress/runner/cypress_runner.js:85359:16)\n    at tryCatcher (https://matdev.semanticbits.com/__cypress/runner/cypress_runner.js:139045:23)\n    at Promise._settlePromiseFromHandler (https://matdev.semanticbits.com/__cypress/runner/cypress_runner.js:136981:31)\n    at Promise._settlePromise (https://matdev.semanticbits.com/__cypress/runner/cypress_runner.js:137038:18)\n    at Promise._settlePromise0 (https://matdev.semanticbits.com/__cypress/runner/cypress_runner.js:137083:10)\n    at Promise._settlePromises (https://matdev.semanticbits.com/__cypress/runner/cypress_runner.js:137158:18)\n    at Async../node_modules/bluebird/js/release/async.js.Async._drainQueue (https://matdev.semanticbits.com/__cypress/runner/cypress_runner.js:133770:16)\n    at Async../node_modules/bluebird/js/release/async.js.Async._drainQueues (https://matdev.semanticbits.com/__cypress/runner/cypress_runner.js:133780:10)\n    at Async.drainQueues (https://matdev.semanticbits.com/__cypress/runner/cypress_runner.js:133654:14)",
                "diff": null
              },
              "uuid": "b083dcdc-528a-4b4a-b222-0f1f6f530f64",
              "parentUUID": "af87ba0f-2d8c-447e-be38-c781ae56298c",
              "isHook": false,
              "skipped": false
            },
            {
              "title": "Measure Search Table",
              "fullTitle": "Measure Library Grid Selection Measure Search Table",
              "timedOut": null,
              "duration": 10371,
              "state": "failed",
              "speed": null,
              "pass": false,
              "fail": true,
              "pending": false,
              "context": null,
              "code": "cy.get(measurelibrary.row1MeasureSearch).click();\nhelper.isChecked(measurelibrary.row1MeasureSearchCheckbox);\ncy.get(measurelibrary.row2MeasureSearch).click();\nhelper.isChecked(measurelibrary.row2MeasureSearchCheckbox);\nhelper.isChecked(measurelibrary.row1MeasureSearchCheckbox);\ncy.wait(1000);\ncy.get(measurelibrary.row2MeasureSearch).click();\nhelper.isNotChecked(measurelibrary.row2MeasureSearchCheckbox);\ncy.get(measurelibrary.row1MeasureSearch).click();\nhelper.isNotChecked(measurelibrary.row1MeasureSearchCheckbox);",
              "err": {
                "message": "CypressError: Timed out retrying: Expected to find element: '#MeasureSearchCellTable [__gwt_row=\"0\"]', but never found it.",
                "estack": "CypressError: Timed out retrying: Expected to find element: '#MeasureSearchCellTable [__gwt_row=\"0\"]', but never found it.\n    at Object.cypressErr (https://matdev.semanticbits.com/__cypress/runner/cypress_runner.js:104968:11)\n    at Object.throwErr (https://matdev.semanticbits.com/__cypress/runner/cypress_runner.js:104923:18)\n    at Object.throwErrByPath (https://matdev.semanticbits.com/__cypress/runner/cypress_runner.js:104955:17)\n    at retry (https://matdev.semanticbits.com/__cypress/runner/cypress_runner.js:96290:16)\n    at onFailFn (https://matdev.semanticbits.com/__cypress/runner/cypress_runner.js:85359:16)\n    at tryCatcher (https://matdev.semanticbits.com/__cypress/runner/cypress_runner.js:139045:23)\n    at Promise._settlePromiseFromHandler (https://matdev.semanticbits.com/__cypress/runner/cypress_runner.js:136981:31)\n    at Promise._settlePromise (https://matdev.semanticbits.com/__cypress/runner/cypress_runner.js:137038:18)\n    at Promise._settlePromise0 (https://matdev.semanticbits.com/__cypress/runner/cypress_runner.js:137083:10)\n    at Promise._settlePromises (https://matdev.semanticbits.com/__cypress/runner/cypress_runner.js:137158:18)\n    at Async../node_modules/bluebird/js/release/async.js.Async._drainQueue (https://matdev.semanticbits.com/__cypress/runner/cypress_runner.js:133770:16)\n    at Async../node_modules/bluebird/js/release/async.js.Async._drainQueues (https://matdev.semanticbits.com/__cypress/runner/cypress_runner.js:133780:10)\n    at Async.drainQueues (https://matdev.semanticbits.com/__cypress/runner/cypress_runner.js:133654:14)",
                "diff": null
              },
              "uuid": "cf2917bf-269f-48cd-80c3-ba693b42a3aa",
              "parentUUID": "af87ba0f-2d8c-447e-be38-c781ae56298c",
              "isHook": false,
              "skipped": false
            },
            {
              "title": "Needed for afterall if test before fails",
              "fullTitle": "Measure Library Grid Selection Needed for afterall if test before fails",
              "timedOut": null,
              "duration": 32,
              "state": "passed",
              "speed": "fast",
              "pass": true,
              "fail": false,
              "pending": false,
              "context": null,
              "code": "//designed to pass to make sure afterall click action works",
              "err": {},
              "uuid": "54f1dac0-bf26-4f9c-8d60-8fb3aa1d2ed6",
              "parentUUID": "af87ba0f-2d8c-447e-be38-c781ae56298c",
              "isHook": false,
              "skipped": false
            }
          ],
          "suites": [],
          "passes": [
            "54f1dac0-bf26-4f9c-8d60-8fb3aa1d2ed6"
          ],
          "failures": [
            "b083dcdc-528a-4b4a-b222-0f1f6f530f64",
            "cf2917bf-269f-48cd-80c3-ba693b42a3aa"
          ],
          "pending": [],
          "skipped": [],
          "duration": 153265,
          "root": false,
          "rootEmpty": false,
          "_timeout": 2000
        },
        {
          "uuid": "d4c1e23c-b91b-4e97-86d2-6fb33db8dc7a",
          "title": "Measure Library Grid Button Bar",
          "fullFile": "",
          "file": "",
          "beforeHooks": [],
          "afterHooks": [],
          "tests": [
            {
              "title": "Enabled/Disabled Recent Activity Not The Owner",
              "fullTitle": "Measure Library Grid Button Bar Enabled/Disabled Recent Activity Not The Owner",
              "timedOut": null,
              "duration": 250322,
              "state": "passed",
              "speed": "slow",
              "pass": true,
              "fail": false,
              "pending": false,
              "context": null,
              "code": "helper.enterText(measurelibrary.searchInputBox, versionMeasureNotOwner);\ncy.get(measurelibrary.searchBtn).click();\nhelper.visibleWithTimeout(matheader.progressbar);\nhelper.notVisibleWithTimeout(matheader.progressbar);\ncy.get(measurelibrary.row1MeasureSearch).dblclick();\nhelper.visibleWithTimeout(matheader.progressbar);\nhelper.notVisibleWithTimeout(matheader.progressbar);\ncy.get(measurelibrary.measureLibraryTab).click();\nhelper.visibleWithTimeout(matheader.progressbar);\nhelper.notVisibleWithTimeout(matheader.progressbar);\ncy.get(measurelibrary.row1RecentActivity).click();\nhelper.disabled(measurelibrary.createVersionDraftRecentActivityBtn);\nhelper.enabled(measurelibrary.historyRecentActivityBtn);\nhelper.enabled(measurelibrary.viewRecentActivityBtn);\nhelper.disabled(measurelibrary.shareRecentActivityBtn);\nhelper.disabled(measurelibrary.cloneRecentActivityDisabledBtn);\nhelper.enabled(measurelibrary.runFhirValidationRecentActivityBtn);\nhelper.disabled(measurelibrary.convertToFhirRecentActivityBtn); //need to figure out export, either have to package a measure or have ability to look up a packaged measure in DB\n//cvasile 11/27/2019\ncy.get(measurelibrary.row1RecentActivity).click();",
              "err": {},
              "uuid": "20e7800d-6224-4215-ae82-ed3467b18771",
              "parentUUID": "d4c1e23c-b91b-4e97-86d2-6fb33db8dc7a",
              "isHook": false,
              "skipped": false
            },
            {
              "title": "Enabled/Disabled Recent Activity The Owner",
              "fullTitle": "Measure Library Grid Button Bar Enabled/Disabled Recent Activity The Owner",
              "timedOut": null,
              "duration": 16405,
              "state": "passed",
              "speed": "slow",
              "pass": true,
              "fail": false,
              "pending": false,
              "context": null,
              "code": "measureName = helper.createDraftMeasure('TestMeasure');\nhelper.enterText(measurelibrary.searchInputBox, measureName);\ncy.get(measurelibrary.searchBtn).click();\nhelper.visibleWithTimeout(matheader.progressbar);\nhelper.notVisibleWithTimeout(matheader.progressbar);\ncy.get(measurelibrary.row1MeasureSearch).dblclick();\nhelper.visibleWithTimeout(matheader.progressbar);\nhelper.notVisibleWithTimeout(matheader.progressbar);\ncy.get(measurelibrary.measureLibraryTab).click();\nhelper.visibleWithTimeout(matheader.progressbar);\nhelper.notVisibleWithTimeout(matheader.progressbar);\ncy.get(measurelibrary.row1RecentActivity).click();\nhelper.enabled(measurelibrary.createVersionRecentActivityBtn);\nhelper.enabled(measurelibrary.historyRecentActivityBtn);\nhelper.enabled(measurelibrary.editRecentActivityBtn);\nhelper.enabled(measurelibrary.shareRecentActivityBtn);\nhelper.enabled(measurelibrary.cloneRecentActivityEnabledBtn);\nhelper.disabled(measurelibrary.runFhirValidationRecentActivityBtn);\nhelper.disabled(measurelibrary.convertToFhirRecentActivityBtn);\ncy.get(measurelibrary.createVersionRecentActivityBtn).click();\ncy.get(measurelibrary.majorVersionTypeRadio).click();\ncy.get(measurelibrary.packageAndVersion).click();\ncy.get(measurelibrary.continueBtn).click();\nhelper.visibleWithTimeout(matheader.progressbar);\nhelper.notVisibleWithTimeout(matheader.progressbar);\ncy.get(measurelibrary.row1RecentActivity).click();\nhelper.enabled(measurelibrary.createDraftRecentActivityBtn);\nhelper.enabled(measurelibrary.historyRecentActivityBtn);\nhelper.enabled(measurelibrary.viewRecentActivityBtn);\nhelper.enabled(measurelibrary.shareRecentActivityBtn);\nhelper.enabled(measurelibrary.cloneRecentActivityEnabledBtn);\nhelper.enabled(measurelibrary.runFhirValidationRecentActivityBtn);\nhelper.enabled(measurelibrary.convertToFhirRecentActivityBtn);\ncy.get(measurelibrary.row1RecentActivity).click();",
              "err": {},
              "uuid": "51eba5a0-5ec1-43a6-9d86-fdfe1272b9d0",
              "parentUUID": "d4c1e23c-b91b-4e97-86d2-6fb33db8dc7a",
              "isHook": false,
              "skipped": false
            },
            {
              "title": "Enabled/Disabled Measure Search Table Not The Owner",
              "fullTitle": "Measure Library Grid Button Bar Enabled/Disabled Measure Search Table Not The Owner",
              "timedOut": null,
              "duration": 3112,
              "state": "passed",
              "speed": "slow",
              "pass": true,
              "fail": false,
              "pending": false,
              "context": null,
              "code": "helper.enterText(measurelibrary.searchInputBox, versionMeasureNotOwner);\ncy.get(measurelibrary.searchBtn).click();\nhelper.visibleWithTimeout(matheader.progressbar);\nhelper.notVisibleWithTimeout(matheader.progressbar);\ncy.get(measurelibrary.row1MeasureSearch).click();\nhelper.disabled(measurelibrary.createVersionDraftMeasureSearchBtn);\nhelper.enabled(measurelibrary.historyMeasureSearchBtn);\nhelper.enabled(measurelibrary.viewMeasureSearchBtn);\nhelper.disabled(measurelibrary.shareMeasureSearchBtn);\nhelper.disabled(measurelibrary.cloneMeasureSearchDisabledBtn);\nhelper.enabled(measurelibrary.runFhirValidationMeasureSearchBtn);\nhelper.disabled(measurelibrary.convertToFhirMeasureSearchBtn);\ncy.get(measurelibrary.row1MeasureSearch).click();",
              "err": {},
              "uuid": "4a571e93-0c47-4a56-b53b-b6dfd22e7238",
              "parentUUID": "d4c1e23c-b91b-4e97-86d2-6fb33db8dc7a",
              "isHook": false,
              "skipped": false
            },
            {
              "title": "Enabled/Disabled Measure Search Table The Owner",
              "fullTitle": "Measure Library Grid Button Bar Enabled/Disabled Measure Search Table The Owner",
              "timedOut": null,
              "duration": 12350,
              "state": "passed",
              "speed": "slow",
              "pass": true,
              "fail": false,
              "pending": false,
              "context": null,
              "code": "measureName = helper.createDraftMeasure('TestMeasure');\nhelper.enterText(measurelibrary.searchInputBox, measureName);\ncy.get(measurelibrary.searchBtn).click();\nhelper.visibleWithTimeout(matheader.progressbar);\nhelper.notVisibleWithTimeout(matheader.progressbar);\ncy.get(measurelibrary.row1MeasureSearch).click();\nhelper.enabled(measurelibrary.createVersionMeasureSearchBtn);\nhelper.enabled(measurelibrary.historyMeasureSearchBtn);\nhelper.enabled(measurelibrary.editMeasureSearchBtn);\nhelper.enabled(measurelibrary.shareMeasureSearchBtn);\nhelper.enabled(measurelibrary.cloneMeasureSearchEnabledBtn);\nhelper.disabled(measurelibrary.runFhirValidationMeasureSearchBtn);\nhelper.disabled(measurelibrary.convertToFhirMeasureSearchBtn);\ncy.get(measurelibrary.createVersionMeasureSearchBtn).click();\ncy.get(measurelibrary.majorVersionTypeRadio).click();\ncy.get(measurelibrary.packageAndVersion).click();\ncy.get(measurelibrary.continueBtn).click();\nhelper.visibleWithTimeout(matheader.progressbar);\nhelper.notVisibleWithTimeout(matheader.progressbar);\ncy.get(measurelibrary.row1MeasureSearch).click();\nhelper.enabled(measurelibrary.createDraftMeasureSearchBtn);\nhelper.enabled(measurelibrary.historyMeasureSearchBtn);\nhelper.enabled(measurelibrary.viewMeasureSearchBtn);\nhelper.enabled(measurelibrary.shareMeasureSearchBtn);\nhelper.enabled(measurelibrary.cloneMeasureSearchEnabledBtn);\nhelper.enabled(measurelibrary.runFhirValidationMeasureSearchBtn);\nhelper.enabled(measurelibrary.convertToFhirMeasureSearchBtn);\ncy.get(measurelibrary.row1MeasureSearch).click();",
              "err": {},
              "uuid": "764d7b6d-4528-4b65-9860-74df229e19f5",
              "parentUUID": "d4c1e23c-b91b-4e97-86d2-6fb33db8dc7a",
              "isHook": false,
              "skipped": false
            },
            {
              "title": "Recent Activity Button bar Create Version",
              "fullTitle": "Measure Library Grid Button Bar Recent Activity Button bar Create Version",
              "timedOut": null,
              "duration": 9845,
              "state": "passed",
              "speed": "slow",
              "pass": true,
              "fail": false,
              "pending": false,
              "context": null,
              "code": "//creating new measure\ncy.get(measurelibrary.newMeasureButton).click();\nvar localmeasure = 'createProportionMeasure' + Date.now();\ncy.get(createNewMeasure.measureName).type(localmeasure, {\n  delay: 50\n});\ncy.get(createNewMeasure.modelradioQDM).click();\ncy.get(createNewMeasure.cqlLibraryName).type(localmeasure, {\n  delay: 50\n});\ncy.get(createNewMeasure.shortName).type(localmeasure, {\n  delay: 50\n});\ncy.get(createNewMeasure.measureScoringListBox).select('Proportion');\ncy.get(createNewMeasure.patientBasedMeasureListBox).select('Yes');\ncy.get(createNewMeasure.saveAndContinueBtn).click();\ncy.get(createNewMeasure.confirmationContinueBtn).click();\nhelper.visibleWithTimeout(matheader.progressbar);\nhelper.notVisibleWithTimeout(matheader.progressbar);\ncy.get(measurelibrary.measureLibraryTab).click();\nhelper.visibleWithTimeout(matheader.progressbar);\nhelper.notVisibleWithTimeout(matheader.progressbar);\ncy.get(measurelibrary.row1RecentActivity).click();\ncy.get(measurelibrary.createVersionRecentActivityBtn).click();\ncy.get(measurelibrary.title).contains(\"My Measures > Create Measure Version of Draft\");\ncy.get(measurelibrary.cancelBtn).click();\nhelper.visibleWithTimeout(matheader.progressbar);\nhelper.notVisibleWithTimeout(matheader.progressbar);",
              "err": {},
              "uuid": "c2a65b11-c682-4dd1-a826-3af1d9c9338f",
              "parentUUID": "d4c1e23c-b91b-4e97-86d2-6fb33db8dc7a",
              "isHook": false,
              "skipped": false
            },
            {
              "title": "Recent Activity Button bar Create Draft",
              "fullTitle": "Measure Library Grid Button Bar Recent Activity Button bar Create Draft",
              "timedOut": null,
              "duration": 11677,
              "state": "passed",
              "speed": "slow",
              "pass": true,
              "fail": false,
              "pending": false,
              "context": null,
              "code": "cy.get(measurelibrary.newMeasureButton).click();\nmeasureName = 'createProportionMeasure' + Date.now();\ncy.get(createNewMeasure.measureName).type(measureName, {\n  delay: 50\n});\ncy.get(createNewMeasure.modelradioQDM).click();\ncy.get(createNewMeasure.cqlLibraryName).type(measureName, {\n  delay: 50\n});\ncy.get(createNewMeasure.shortName).type(measureName, {\n  delay: 50\n});\ncy.get(createNewMeasure.measureScoringListBox).select('Proportion');\ncy.get(createNewMeasure.patientBasedMeasureListBox).select('Yes');\ncy.get(createNewMeasure.saveAndContinueBtn).click();\ncy.get(createNewMeasure.confirmationContinueBtn).click();\nhelper.visibleWithTimeout(matheader.progressbar);\nhelper.notVisibleWithTimeout(matheader.progressbar);\ncy.get(measurelibrary.measureLibraryTab).click();\nhelper.visibleWithTimeout(matheader.progressbar);\nhelper.notVisibleWithTimeout(matheader.progressbar);\ncy.get(measurelibrary.row1RecentActivity).click();\ncy.get(measurelibrary.createVersionRecentActivityBtn).click();\ncy.get(measurelibrary.majorVersionTypeRadio).click();\ncy.get(measurelibrary.packageAndVersion).click();\ncy.get(measurelibrary.continueBtn).click();\nhelper.visibleWithTimeout(matheader.progressbar);\nhelper.notVisibleWithTimeout(matheader.progressbar);\ncy.get(measurelibrary.row1RecentActivity).click();\ncy.get(measurelibrary.createDraftRecentActivityBtn).click();\nhelper.visibleWithTimeout(matheader.progressbar);\nhelper.notVisibleWithTimeout(matheader.progressbar);\ncy.get(measurelibrary.title).contains(\"My Measures > Draft Measure\");\ncy.get(createNewMeasure.cancelBtn).click();",
              "err": {},
              "uuid": "261b1563-df0b-4be1-aeaa-a75d3317f55f",
              "parentUUID": "d4c1e23c-b91b-4e97-86d2-6fb33db8dc7a",
              "isHook": false,
              "skipped": false
            },
            {
              "title": "Recent Activity Button bar History",
              "fullTitle": "Measure Library Grid Button Bar Recent Activity Button bar History",
              "timedOut": null,
              "duration": 1199,
              "state": "passed",
              "speed": "slow",
              "pass": true,
              "fail": false,
              "pending": false,
              "context": null,
              "code": "cy.get(measurelibrary.row1RecentActivity).click();\ncy.get(measurelibrary.historyRecentActivityBtn).click();\ncy.get(measurelibrary.title).contains(\"My Measures > History\");\ncy.get(measurelibrary.returnToMeasureLibraryLink).click();\nhelper.visibleWithTimeout(matheader.progressbar);\nhelper.notVisibleWithTimeout(matheader.progressbar);",
              "err": {},
              "uuid": "c5faa495-3f50-495b-94a4-4867393f8226",
              "parentUUID": "d4c1e23c-b91b-4e97-86d2-6fb33db8dc7a",
              "isHook": false,
              "skipped": false
            },
            {
              "title": "Recent Activity Button bar Edit",
              "fullTitle": "Measure Library Grid Button Bar Recent Activity Button bar Edit",
              "timedOut": null,
              "duration": 1810,
              "state": "passed",
              "speed": "slow",
              "pass": true,
              "fail": false,
              "pending": false,
              "context": null,
              "code": "cy.get(measurelibrary.row1RecentActivity).click();\ncy.get(measurelibrary.editRecentActivityBtn).click();\nhelper.visibleWithTimeout(matheader.progressbar);\nhelper.notVisibleWithTimeout(matheader.progressbar);\ncy.get(measurelibrary.measureComposerTab).should(function (tab) {\n  var value = tab.attr('class');\n  expect(value).contains(\"selected\");\n});\ncy.get(measurelibrary.measureLibraryTab).click();\nhelper.visibleWithTimeout(matheader.progressbar);\nhelper.notVisibleWithTimeout(matheader.progressbar);",
              "err": {},
              "uuid": "41697139-6e7a-4a28-bd72-cabe4439a1bd",
              "parentUUID": "d4c1e23c-b91b-4e97-86d2-6fb33db8dc7a",
              "isHook": false,
              "skipped": false
            },
            {
              "title": "Recent Activity Button bar View",
              "fullTitle": "Measure Library Grid Button Bar Recent Activity Button bar View",
              "timedOut": null,
              "duration": 12610,
              "state": "passed",
              "speed": "slow",
              "pass": true,
              "fail": false,
              "pending": false,
              "context": null,
              "code": "cy.get(measurelibrary.newMeasureButton).click();\nmeasureName = 'createProportionMeasure' + Date.now();\ncy.get(createNewMeasure.measureName).type(measureName, {\n  delay: 50\n});\ncy.get(createNewMeasure.modelradioQDM).click();\ncy.get(createNewMeasure.cqlLibraryName).type(measureName, {\n  delay: 50\n});\ncy.get(createNewMeasure.shortName).type(measureName, {\n  delay: 50\n});\ncy.get(createNewMeasure.measureScoringListBox).select('Proportion');\ncy.get(createNewMeasure.patientBasedMeasureListBox).select('Yes');\ncy.get(createNewMeasure.saveAndContinueBtn).click();\ncy.get(createNewMeasure.confirmationContinueBtn).click();\nhelper.visibleWithTimeout(matheader.progressbar);\nhelper.notVisibleWithTimeout(matheader.progressbar);\ncy.get(measurelibrary.measureLibraryTab).click();\nhelper.visibleWithTimeout(matheader.progressbar);\nhelper.notVisibleWithTimeout(matheader.progressbar);\ncy.get(measurelibrary.row1RecentActivity).click();\ncy.get(measurelibrary.createVersionRecentActivityBtn).click();\ncy.get(measurelibrary.majorVersionTypeRadio).click();\ncy.get(measurelibrary.packageAndVersion).click();\ncy.get(measurelibrary.continueBtn).click();\nhelper.visibleWithTimeout(matheader.progressbar);\nhelper.notVisibleWithTimeout(matheader.progressbar);\ncy.get(measurelibrary.row1RecentActivity).click();\ncy.get(measurelibrary.viewRecentActivityBtn).click();\nhelper.visibleWithTimeout(matheader.progressbar);\nhelper.notVisibleWithTimeout(matheader.progressbar);\nhelper.disabled(measureComposer.measureNameInputBox);\ncy.get(measurelibrary.measureLibraryTab).click();\nhelper.visibleWithTimeout(matheader.progressbar);\nhelper.notVisibleWithTimeout(matheader.progressbar);",
              "err": {},
              "uuid": "31ca7c76-2144-4b85-a871-01db92bdf8dd",
              "parentUUID": "d4c1e23c-b91b-4e97-86d2-6fb33db8dc7a",
              "isHook": false,
              "skipped": false
            },
            {
              "title": "Recent Activity Button bar Share",
              "fullTitle": "Measure Library Grid Button Bar Recent Activity Button bar Share",
              "timedOut": null,
              "duration": 1162,
              "state": "passed",
              "speed": "slow",
              "pass": true,
              "fail": false,
              "pending": false,
              "context": null,
              "code": "cy.get(measurelibrary.row1RecentActivity).click();\ncy.get(measurelibrary.shareRecentActivityBtn).click();\ncy.get(measurelibrary.title).contains(\"My Measures > Measure Sharing\");\ncy.get(measurelibrary.sharingCancelBtn).click();\nhelper.visibleWithTimeout(matheader.progressbar);\nhelper.notVisibleWithTimeout(matheader.progressbar);",
              "err": {},
              "uuid": "9efe9681-7383-421c-a71e-4a2183dc7f85",
              "parentUUID": "d4c1e23c-b91b-4e97-86d2-6fb33db8dc7a",
              "isHook": false,
              "skipped": false
            },
            {
              "title": "Recent Activity Button bar Clone",
              "fullTitle": "Measure Library Grid Button Bar Recent Activity Button bar Clone",
              "timedOut": null,
              "duration": 1610,
              "state": "passed",
              "speed": "slow",
              "pass": true,
              "fail": false,
              "pending": false,
              "context": null,
              "code": "cy.get(measurelibrary.row1RecentActivity).click();\ncy.get(measurelibrary.cloneRecentActivityEnabledBtn).click();\nhelper.visibleWithTimeout(matheader.progressbar);\nhelper.notVisibleWithTimeout(matheader.progressbar);\ncy.get(measurelibrary.title).contains(\"My Measures > Clone Measure\");\ncy.get(createNewMeasure.cancelBtn).click();\nhelper.visibleWithTimeout(matheader.progressbar);\nhelper.notVisibleWithTimeout(matheader.progressbar);",
              "err": {},
              "uuid": "df763e1f-2c64-4452-89a7-a8104b4e1dc5",
              "parentUUID": "d4c1e23c-b91b-4e97-86d2-6fb33db8dc7a",
              "isHook": false,
              "skipped": false
            },
            {
              "title": "Measure Search Button bar Create Version",
              "fullTitle": "Measure Library Grid Button Bar Measure Search Button bar Create Version",
              "timedOut": null,
              "duration": 3535,
              "state": "passed",
              "speed": "slow",
              "pass": true,
              "fail": false,
              "pending": false,
              "context": null,
              "code": "helper.enterText(measurelibrary.searchInputBox, draftMeasure);\ncy.get(measurelibrary.searchBtn).click();\nhelper.visibleWithTimeout(matheader.progressbar);\nhelper.notVisibleWithTimeout(matheader.progressbar);\ncy.get(measurelibrary.row1MeasureSearch).click();\ncy.get(measurelibrary.createVersionMeasureSearchBtn).click();\ncy.get(cqlLibrary.title).contains(\"My Measures > Create Measure Version of Draft\");\ncy.get(measurelibrary.cancelBtn).click();\nhelper.visibleWithTimeout(matheader.progressbar);\nhelper.notVisibleWithTimeout(matheader.progressbar);",
              "err": {},
              "uuid": "cc6edf98-5f60-477a-b52c-81c521a1829c",
              "parentUUID": "d4c1e23c-b91b-4e97-86d2-6fb33db8dc7a",
              "isHook": false,
              "skipped": false
            },
            {
              "title": "Measure Search Button bar Create Draft",
              "fullTitle": "Measure Library Grid Button Bar Measure Search Button bar Create Draft",
              "timedOut": null,
              "duration": 4143,
              "state": "passed",
              "speed": "slow",
              "pass": true,
              "fail": false,
              "pending": false,
              "context": null,
              "code": "helper.enterText(measurelibrary.searchInputBox, versionMeasure);\ncy.get(measurelibrary.searchBtn).click();\nhelper.visibleWithTimeout(matheader.progressbar);\nhelper.notVisibleWithTimeout(matheader.progressbar);\ncy.get(measurelibrary.row1MeasureSearch).click();\ncy.get(measurelibrary.createDraftMeasureSearchBtn).click();\nhelper.visibleWithTimeout(matheader.progressbar);\nhelper.notVisibleWithTimeout(matheader.progressbar);\ncy.get(measurelibrary.title).contains(\"My Measures > Draft Measure\");\ncy.get(createNewMeasure.cancelBtn).click();\nhelper.visibleWithTimeout(matheader.progressbar);\nhelper.notVisibleWithTimeout(matheader.progressbar);",
              "err": {},
              "uuid": "833341c9-4d28-495a-90ea-1ce413b1edf9",
              "parentUUID": "d4c1e23c-b91b-4e97-86d2-6fb33db8dc7a",
              "isHook": false,
              "skipped": false
            },
            {
              "title": "Measure Search Button bar History",
              "fullTitle": "Measure Library Grid Button Bar Measure Search Button bar History",
              "timedOut": null,
              "duration": 3383,
              "state": "passed",
              "speed": "slow",
              "pass": true,
              "fail": false,
              "pending": false,
              "context": null,
              "code": "helper.enterText(measurelibrary.searchInputBox, versionMeasure);\ncy.get(measurelibrary.searchBtn).click();\nhelper.visibleWithTimeout(matheader.progressbar);\nhelper.notVisibleWithTimeout(matheader.progressbar);\ncy.get(measurelibrary.row1MeasureSearch).click();\ncy.get(measurelibrary.historyMeasureSearchBtn).click();\ncy.get(measurelibrary.title).contains(\"My Measures > History\");\ncy.get(measurelibrary.returnToMeasureLibraryLink).click();\nhelper.visibleWithTimeout(matheader.progressbar);\nhelper.notVisibleWithTimeout(matheader.progressbar);",
              "err": {},
              "uuid": "719b3e17-710e-4c42-b009-0ff0746dcf71",
              "parentUUID": "d4c1e23c-b91b-4e97-86d2-6fb33db8dc7a",
              "isHook": false,
              "skipped": false
            },
            {
              "title": "Measure Search Button bar Edit",
              "fullTitle": "Measure Library Grid Button Bar Measure Search Button bar Edit",
              "timedOut": null,
              "duration": 4216,
              "state": "passed",
              "speed": "slow",
              "pass": true,
              "fail": false,
              "pending": false,
              "context": null,
              "code": "helper.enterText(measurelibrary.searchInputBox, draftMeasure);\ncy.get(measurelibrary.searchBtn).click();\nhelper.visibleWithTimeout(matheader.progressbar);\nhelper.notVisibleWithTimeout(matheader.progressbar);\ncy.get(measurelibrary.row1MeasureSearch).click();\ncy.get(measurelibrary.editMeasureSearchBtn).click();\nhelper.visibleWithTimeout(matheader.progressbar);\nhelper.notVisibleWithTimeout(matheader.progressbar);\ncy.get(measurelibrary.measureComposerTab).should(function (tab) {\n  var value = tab.attr('class');\n  expect(value).contains(\"selected\");\n});\ncy.get(measurelibrary.measureLibraryTab).click();\nhelper.visibleWithTimeout(matheader.progressbar);\nhelper.notVisibleWithTimeout(matheader.progressbar);",
              "err": {},
              "uuid": "826d9317-d824-41ba-9d16-9c404300d214",
              "parentUUID": "d4c1e23c-b91b-4e97-86d2-6fb33db8dc7a",
              "isHook": false,
              "skipped": false
            },
            {
              "title": "Measure Search Button bar View",
              "fullTitle": "Measure Library Grid Button Bar Measure Search Button bar View",
              "timedOut": null,
              "duration": 4306,
              "state": "passed",
              "speed": "slow",
              "pass": true,
              "fail": false,
              "pending": false,
              "context": null,
              "code": "helper.enterText(measurelibrary.searchInputBox, versionMeasure);\ncy.get(measurelibrary.searchBtn).click();\nhelper.visibleWithTimeout(matheader.progressbar);\nhelper.notVisibleWithTimeout(matheader.progressbar);\ncy.get(measurelibrary.row1MeasureSearch).click();\ncy.get(measurelibrary.viewMeasureSearchBtn).click();\nhelper.visibleWithTimeout(matheader.progressbar);\nhelper.notVisibleWithTimeout(matheader.progressbar);\nhelper.disabled(measureComposer.measureNameInputBox);\ncy.get(measurelibrary.measureLibraryTab).click();\nhelper.visibleWithTimeout(matheader.progressbar);\nhelper.notVisibleWithTimeout(matheader.progressbar);",
              "err": {},
              "uuid": "74ecbb02-f2db-4208-a048-57a252521a2c",
              "parentUUID": "d4c1e23c-b91b-4e97-86d2-6fb33db8dc7a",
              "isHook": false,
              "skipped": false
            },
            {
              "title": "Measure Search Button bar Share",
              "fullTitle": "Measure Library Grid Button Bar Measure Search Button bar Share",
              "timedOut": null,
              "duration": 3526,
              "state": "passed",
              "speed": "slow",
              "pass": true,
              "fail": false,
              "pending": false,
              "context": null,
              "code": "helper.enterText(measurelibrary.searchInputBox, draftMeasure);\ncy.get(measurelibrary.searchBtn).click();\nhelper.visibleWithTimeout(matheader.progressbar);\nhelper.notVisibleWithTimeout(matheader.progressbar);\ncy.get(measurelibrary.row1MeasureSearch).click();\ncy.get(measurelibrary.shareMeasureSearchBtn).click();\ncy.get(measurelibrary.title).contains(\"My Measures > Measure Sharing\");\ncy.get(measurelibrary.sharingCancelBtn).click();\nhelper.visibleWithTimeout(matheader.progressbar);\nhelper.notVisibleWithTimeout(matheader.progressbar);",
              "err": {},
              "uuid": "e9e9e8a2-ec1b-4ee0-a5c6-67529040b574",
              "parentUUID": "d4c1e23c-b91b-4e97-86d2-6fb33db8dc7a",
              "isHook": false,
              "skipped": false
            },
            {
              "title": "Measure Search Button bar Clone",
              "fullTitle": "Measure Library Grid Button Bar Measure Search Button bar Clone",
              "timedOut": null,
              "duration": 4043,
              "state": "passed",
              "speed": "slow",
              "pass": true,
              "fail": false,
              "pending": false,
              "context": null,
              "code": "helper.enterText(measurelibrary.searchInputBox, draftMeasure);\ncy.get(measurelibrary.searchBtn).click();\nhelper.visibleWithTimeout(matheader.progressbar);\nhelper.notVisibleWithTimeout(matheader.progressbar);\ncy.get(measurelibrary.row1MeasureSearch).click();\ncy.get(measurelibrary.cloneMeasureSearchEnabledBtn).click();\nhelper.visibleWithTimeout(matheader.progressbar);\nhelper.notVisibleWithTimeout(matheader.progressbar);\ncy.get(measurelibrary.title).contains(\"My Measures > Clone Measure\");\ncy.get(createNewMeasure.cancelBtn).click();\nhelper.visibleWithTimeout(matheader.progressbar);\nhelper.notVisibleWithTimeout(matheader.progressbar);",
              "err": {},
              "uuid": "7788cb79-db8f-44ff-bd23-156a8e74bcd8",
              "parentUUID": "d4c1e23c-b91b-4e97-86d2-6fb33db8dc7a",
              "isHook": false,
              "skipped": false
            }
          ],
          "suites": [],
          "passes": [
            "20e7800d-6224-4215-ae82-ed3467b18771",
            "51eba5a0-5ec1-43a6-9d86-fdfe1272b9d0",
            "4a571e93-0c47-4a56-b53b-b6dfd22e7238",
            "764d7b6d-4528-4b65-9860-74df229e19f5",
            "c2a65b11-c682-4dd1-a826-3af1d9c9338f",
            "261b1563-df0b-4be1-aeaa-a75d3317f55f",
            "c5faa495-3f50-495b-94a4-4867393f8226",
            "41697139-6e7a-4a28-bd72-cabe4439a1bd",
            "31ca7c76-2144-4b85-a871-01db92bdf8dd",
            "9efe9681-7383-421c-a71e-4a2183dc7f85",
            "df763e1f-2c64-4452-89a7-a8104b4e1dc5",
            "cc6edf98-5f60-477a-b52c-81c521a1829c",
            "833341c9-4d28-495a-90ea-1ce413b1edf9",
            "719b3e17-710e-4c42-b009-0ff0746dcf71",
            "826d9317-d824-41ba-9d16-9c404300d214",
            "74ecbb02-f2db-4208-a048-57a252521a2c",
            "e9e9e8a2-ec1b-4ee0-a5c6-67529040b574",
            "7788cb79-db8f-44ff-bd23-156a8e74bcd8"
          ],
          "failures": [],
          "pending": [],
          "skipped": [],
          "duration": 349254,
          "root": false,
          "rootEmpty": false,
          "_timeout": 2000
        }
      ],
      "passes": [],
      "failures": [],
      "pending": [],
      "skipped": [],
      "duration": 0,
      "root": true,
      "rootEmpty": true,
      "_timeout": 2000
    },
    {
      "uuid": "cb93482d-f1c8-459b-9285-bab1e098090f",
      "title": "",
      "fullFile": "",
      "file": "",
      "beforeHooks": [],
      "afterHooks": [],
      "tests": [],
      "suites": [
        {
          "uuid": "d2714e9f-2797-4856-9235-7c4e2bec7a5f",
          "title": "Create Proportion Measure",
          "fullFile": "",
          "file": "",
          "beforeHooks": [],
          "afterHooks": [],
          "tests": [
            {
              "title": "Create Proportion Measure",
              "fullTitle": "Create Proportion Measure Create Proportion Measure",
              "timedOut": null,
              "duration": 18832,
              "state": "passed",
              "speed": "slow",
              "pass": true,
              "fail": false,
              "pending": false,
              "context": null,
              "code": "cy.get(measurelibrary.newMeasureButton).click();\nvar measureName = 'createProportionMeasure' + Date.now();\ncy.get(createNewMeasure.measureName).type(measureName, {\n  delay: 50\n});\ncy.get(createNewMeasure.cqlLibraryName).type(measureName, {\n  delay: 50\n});\ncy.get(createNewMeasure.shortName).type(measureName, {\n  delay: 50\n});\ncy.get(createNewMeasure.measureScoringListBox).select('Proportion');\ncy.get(createNewMeasure.patientBasedMeasureListBox).select('Yes');\ncy.get(createNewMeasure.saveAndContinueBtn).click();\ncy.get(createNewMeasure.confirmationContinueBtn).click();\nhelper.visibleWithTimeout(matheader.progressbar);\nhelper.notVisibleWithTimeout(matheader.progressbar);\ncy.get(measureComposer.cqlWorkspace).click();\ncy.get(measureComposer.includes).click(); //cy.get(measurelibrary.measureLibraryTab).click()\n//cy.get(measurelibrary.newMeasureButton).click()",
              "err": {},
              "uuid": "459107da-964b-4a08-9364-94d971e6d39c",
              "parentUUID": "d2714e9f-2797-4856-9235-7c4e2bec7a5f",
              "isHook": false,
              "skipped": false
            }
          ],
          "suites": [],
          "passes": [
            "459107da-964b-4a08-9364-94d971e6d39c"
          ],
          "failures": [],
          "pending": [],
          "skipped": [],
          "duration": 18832,
          "root": false,
          "rootEmpty": false,
          "_timeout": 2000
        }
      ],
      "passes": [],
      "failures": [],
      "pending": [],
      "skipped": [],
      "duration": 0,
      "root": true,
      "rootEmpty": true,
      "_timeout": 2000
    }
  ],
  "meta": {
    "mocha": {
      "version": "5.2.0"
    },
    "mochawesome": {
      "options": {
        "quiet": false,
        "reportFilename": "mochawesome",
        "saveHtml": false,
        "saveJson": true,
        "consoleReporter": "spec",
        "useInlineDiffs": false
      },
      "version": "4.1.0"
    },
    "marge": {
      "options": {
        "reportDir": "cypress/results",
        "overwrite": false,
        "html": false,
        "timestamp": "mmddyyyy_HHMMss",
        "json": true
      },
      "version": "4.1.0"
    }
  }
}