{
  "stats": {
    "suites": 1,
    "tests": 1,
    "passes": 1,
    "pending": 0,
    "failures": 0,
    "start": "2020-01-28T14:08:27.599Z",
    "end": "2020-01-28T14:08:46.483Z",
    "duration": 18884,
    "testsRegistered": 1,
    "passPercent": 100,
    "pendingPercent": 0,
    "other": 0,
    "hasOther": false,
    "skipped": 0,
    "hasSkipped": false
  },
  "results": [
    {
      "uuid": "cb93482d-f1c8-459b-9285-bab1e098090f",
      "title": "",
      "fullFile": "",
      "file": "",
      "beforeHooks": [],
      "afterHooks": [],
      "tests": [],
      "suites": [
        {
          "uuid": "d2714e9f-2797-4856-9235-7c4e2bec7a5f",
          "title": "Create Proportion Measure",
          "fullFile": "",
          "file": "",
          "beforeHooks": [],
          "afterHooks": [],
          "tests": [
            {
              "title": "Create Proportion Measure",
              "fullTitle": "Create Proportion Measure Create Proportion Measure",
              "timedOut": null,
              "duration": 18832,
              "state": "passed",
              "speed": "slow",
              "pass": true,
              "fail": false,
              "pending": false,
              "context": null,
              "code": "cy.get(measurelibrary.newMeasureButton).click();\nvar measureName = 'createProportionMeasure' + Date.now();\ncy.get(createNewMeasure.measureName).type(measureName, {\n  delay: 50\n});\ncy.get(createNewMeasure.cqlLibraryName).type(measureName, {\n  delay: 50\n});\ncy.get(createNewMeasure.shortName).type(measureName, {\n  delay: 50\n});\ncy.get(createNewMeasure.measureScoringListBox).select('Proportion');\ncy.get(createNewMeasure.patientBasedMeasureListBox).select('Yes');\ncy.get(createNewMeasure.saveAndContinueBtn).click();\ncy.get(createNewMeasure.confirmationContinueBtn).click();\nhelper.visibleWithTimeout(matheader.progressbar);\nhelper.notVisibleWithTimeout(matheader.progressbar);\ncy.get(measureComposer.cqlWorkspace).click();\ncy.get(measureComposer.includes).click(); //cy.get(measurelibrary.measureLibraryTab).click()\n//cy.get(measurelibrary.newMeasureButton).click()",
              "err": {},
              "uuid": "459107da-964b-4a08-9364-94d971e6d39c",
              "parentUUID": "d2714e9f-2797-4856-9235-7c4e2bec7a5f",
              "isHook": false,
              "skipped": false
            }
          ],
          "suites": [],
          "passes": [
            "459107da-964b-4a08-9364-94d971e6d39c"
          ],
          "failures": [],
          "pending": [],
          "skipped": [],
          "duration": 18832,
          "root": false,
          "rootEmpty": false,
          "_timeout": 2000
        }
      ],
      "passes": [],
      "failures": [],
      "pending": [],
      "skipped": [],
      "duration": 0,
      "root": true,
      "rootEmpty": true,
      "_timeout": 2000
    }
  ],
  "meta": {
    "mocha": {
      "version": "5.2.0"
    },
    "mochawesome": {
      "options": {
        "quiet": false,
        "reportFilename": "mochawesome",
        "saveHtml": false,
        "saveJson": true,
        "consoleReporter": "spec",
        "useInlineDiffs": false
      },
      "version": "4.1.0"
    },
    "marge": {
      "options": {
        "reportDir": "cypress/results",
        "overwrite": false,
        "html": false,
        "timestamp": "mmddyyyy_HHMMss",
        "json": true
      },
      "version": "4.1.0"
    }
  }
}