{
  "stats": {
    "suites": 2,
    "tests": 20,
    "passes": 20,
    "pending": 0,
    "failures": 0,
    "start": "2020-01-28T13:54:52.393Z",
    "end": "2020-01-28T13:58:36.749Z",
    "duration": 224356,
    "testsRegistered": 20,
    "passPercent": 100,
    "pendingPercent": 0,
    "other": 0,
    "hasOther": false,
    "skipped": 0,
    "hasSkipped": false
  },
  "results": [
    {
      "uuid": "6a11c755-6cc2-484f-845c-8ac6632e62b5",
      "title": "",
      "fullFile": "",
      "file": "",
      "beforeHooks": [],
      "afterHooks": [],
      "tests": [],
      "suites": [
        {
          "uuid": "af67f555-0b78-47cd-aab6-66c8910c094c",
          "title": "CQL Library Grid Selection",
          "fullFile": "",
          "file": "",
          "beforeHooks": [],
          "afterHooks": [],
          "tests": [
            {
              "title": "Recent Activity",
              "fullTitle": "CQL Library Grid Selection Recent Activity",
              "timedOut": null,
              "duration": 28888,
              "state": "passed",
              "speed": "slow",
              "pass": true,
              "fail": false,
              "pending": false,
              "context": null,
              "code": "//populating recent activity grid\ncy.get(cqlLibrary.row1CqlLibrarySearch).dblclick();\nhelper.visibleWithTimeout(matheader.progressbar);\nhelper.notVisibleWithTimeout(matheader.progressbar);\ncy.get(measurelibrary.cqlLibraryTab).click();\nhelper.visibleWithTimeout(matheader.progressbar);\nhelper.notVisibleWithTimeout(matheader.progressbar);\ncy.get(cqlLibrary.row2CqlLibrarySearch).dblclick();\nhelper.visibleWithTimeout(matheader.progressbar);\nhelper.notVisibleWithTimeout(matheader.progressbar);\ncy.get(measurelibrary.cqlLibraryTab).click();\nhelper.visibleWithTimeout(matheader.progressbar);\nhelper.notVisibleWithTimeout(matheader.progressbar);\ncy.get(cqlLibrary.row1RecentActivity).eq(1).click();\ncy.wait(1000);\nhelper.isChecked(cqlLibrary.row1RecentActivityCheckbox);\ncy.get(cqlLibrary.row2RecentActivity).eq(1).click();\nhelper.isChecked(cqlLibrary.row2RecentActivityCheckbox);\nhelper.isNotChecked(cqlLibrary.row1RecentActivityCheckbox);\ncy.wait(1000);\ncy.get(cqlLibrary.row2RecentActivity).eq(1).click();\nhelper.isNotChecked(cqlLibrary.row2RecentActivityCheckbox);\nhelper.isNotChecked(cqlLibrary.row1RecentActivityCheckbox);",
              "err": {},
              "uuid": "b3644e11-534c-459e-9aac-ad04f3f4928f",
              "parentUUID": "af67f555-0b78-47cd-aab6-66c8910c094c",
              "isHook": false,
              "skipped": false
            },
            {
              "title": "CQL Library Search Table",
              "fullTitle": "CQL Library Grid Selection CQL Library Search Table",
              "timedOut": null,
              "duration": 1717,
              "state": "passed",
              "speed": "slow",
              "pass": true,
              "fail": false,
              "pending": false,
              "context": null,
              "code": "cy.get(cqlLibrary.row1CqlLibrarySearch).click();\nhelper.isChecked(cqlLibrary.row1CqlLibrarySearchCheckbox);\ncy.get(cqlLibrary.row2CqlLibrarySearch).click();\nhelper.isChecked(cqlLibrary.row2CqlLibrarySearchCheckbox);\nhelper.isNotChecked(cqlLibrary.row1CqlLibrarySearchCheckbox);\ncy.wait(1000);\ncy.get(cqlLibrary.row2CqlLibrarySearch).click();\nhelper.isNotChecked(cqlLibrary.row2CqlLibrarySearchCheckbox);\nhelper.isNotChecked(cqlLibrary.row1CqlLibrarySearchCheckbox);",
              "err": {},
              "uuid": "740f23c2-aefb-4796-97f4-8d2829e131ae",
              "parentUUID": "af67f555-0b78-47cd-aab6-66c8910c094c",
              "isHook": false,
              "skipped": false
            }
          ],
          "suites": [],
          "passes": [
            "b3644e11-534c-459e-9aac-ad04f3f4928f",
            "740f23c2-aefb-4796-97f4-8d2829e131ae"
          ],
          "failures": [],
          "pending": [],
          "skipped": [],
          "duration": 30605,
          "root": false,
          "rootEmpty": false,
          "_timeout": 2000
        },
        {
          "uuid": "9a27c816-f2a6-4888-8b08-9e900f2104c0",
          "title": "CQL Library Grid Button Bar",
          "fullFile": "",
          "file": "",
          "beforeHooks": [],
          "afterHooks": [],
          "tests": [
            {
              "title": "Enabled/Disabled Recent Activity Not The Owner",
              "fullTitle": "CQL Library Grid Button Bar Enabled/Disabled Recent Activity Not The Owner",
              "timedOut": null,
              "duration": 19981,
              "state": "passed",
              "speed": "slow",
              "pass": true,
              "fail": false,
              "pending": false,
              "context": null,
              "code": "//populating recent activity grid\ncy.get(cqlLibrary.row1CqlLibrarySearch).dblclick();\nhelper.visibleWithTimeout(matheader.progressbar);\nhelper.notVisibleWithTimeout(matheader.progressbar);\ncy.get(measurelibrary.cqlLibraryTab).click();\nhelper.visibleWithTimeout(matheader.progressbar);\nhelper.notVisibleWithTimeout(matheader.progressbar);\ncy.get(cqlLibrary.row1RecentActivity).eq(1).click();\nhelper.disabled(cqlLibrary.createVersionDraftRecentActivityBtn);\nhelper.enabled(cqlLibrary.historyRecentActivityBtn);\nhelper.enabled(cqlLibrary.viewRecentActivityBtn);\nhelper.disabled(cqlLibrary.shareRecentActivityBtn);\nhelper.disabled(cqlLibrary.deleteRecentActivityBtn);",
              "err": {},
              "uuid": "4088e21a-4800-44c9-8fd8-d720aaf87b06",
              "parentUUID": "9a27c816-f2a6-4888-8b08-9e900f2104c0",
              "isHook": false,
              "skipped": false
            },
            {
              "title": "Enabled/Disabled Recent Activity The Owner",
              "fullTitle": "CQL Library Grid Button Bar Enabled/Disabled Recent Activity The Owner",
              "timedOut": null,
              "duration": 14512,
              "state": "passed",
              "speed": "slow",
              "pass": true,
              "fail": false,
              "pending": false,
              "context": null,
              "code": "cy.get(cqlLibrary.newLibraryBtn).click();\nvar cqlLibraryName = 'CQLLibraryTest' + Date.now();\ncy.get(createNewCqlLibrary.cqlLibraryName).type(cqlLibraryName, {\n  delay: 50\n});\ncy.get(createNewCqlLibrary.modelQDMRadio).click();\ncy.get(createNewCqlLibrary.saveAndContinueBtn).click();\ncy.get(cqlComposer.confirmationContinueBtn).click();\nhelper.visibleWithTimeout(matheader.progressbar);\nhelper.notVisibleWithTimeout(matheader.progressbar);\ncy.get(measurelibrary.cqlLibraryTab).click();\nhelper.visibleWithTimeout(matheader.progressbar);\nhelper.notVisibleWithTimeout(matheader.progressbar);\ncy.get(cqlLibrary.row1RecentActivity).eq(1).click();\nhelper.enabled(cqlLibrary.createVersionRecentActivityBtn);\nhelper.enabled(cqlLibrary.historyRecentActivityBtn);\nhelper.enabled(cqlLibrary.editRecentActivityEnabledBtn);\nhelper.enabled(cqlLibrary.shareRecentActivityBtn);\nhelper.enabled(cqlLibrary.deleteRecentActivityBtn);\ncy.get(cqlLibrary.createVersionRecentActivityBtn).click();\ncy.get(cqlLibrary.majorVersionTypeRadio).click();\ncy.get(cqlLibrary.saveAndContinueBtn).click();\nhelper.visibleWithTimeout(matheader.progressbar);\nhelper.notVisibleWithTimeout(matheader.progressbar);\ncy.get(cqlLibrary.row1RecentActivity).eq(1).click();\nhelper.enabled(cqlLibrary.createDraftRecentActivityBtn);\nhelper.enabled(cqlLibrary.historyRecentActivityBtn);\nhelper.enabled(cqlLibrary.viewRecentActivityBtn);\nhelper.enabled(cqlLibrary.shareRecentActivityBtn);\nhelper.disabled(cqlLibrary.deleteRecentActivityBtn);",
              "err": {},
              "uuid": "c25c645a-f28c-4a26-a729-210b7bc2de23",
              "parentUUID": "9a27c816-f2a6-4888-8b08-9e900f2104c0",
              "isHook": false,
              "skipped": false
            },
            {
              "title": "Enabled/Disabled All CQL Libraries Not The Owner",
              "fullTitle": "CQL Library Grid Button Bar Enabled/Disabled All CQL Libraries Not The Owner",
              "timedOut": null,
              "duration": 151,
              "state": "passed",
              "speed": "slow",
              "pass": true,
              "fail": false,
              "pending": false,
              "context": null,
              "code": "cy.get(cqlLibrary.row1CqlLibrarySearch).click();\nhelper.disabled(cqlLibrary.createVersionDraftCqllibrariesBtn);\nhelper.enabled(cqlLibrary.historyCqllibrariesBtn);\nhelper.enabled(cqlLibrary.viewCqllibrariesBtn);\nhelper.disabled(cqlLibrary.shareCqllibrariesBtn);\nhelper.disabled(cqlLibrary.deleteCqllibrariesBtn);",
              "err": {},
              "uuid": "687bc044-bf9d-4243-88c4-268cdcaba85b",
              "parentUUID": "9a27c816-f2a6-4888-8b08-9e900f2104c0",
              "isHook": false,
              "skipped": false
            },
            {
              "title": "Enabled/Disabled All CQL Libraries The Owner",
              "fullTitle": "CQL Library Grid Button Bar Enabled/Disabled All CQL Libraries The Owner",
              "timedOut": null,
              "duration": 9805,
              "state": "passed",
              "speed": "slow",
              "pass": true,
              "fail": false,
              "pending": false,
              "context": null,
              "code": "cy.get(cqlLibrary.newLibraryBtn).click();\nvar cqlLibraryName = 'CQLLibraryTest' + Date.now();\ncy.get(createNewCqlLibrary.cqlLibraryName).type(cqlLibraryName, {\n  delay: 50\n});\ncy.get(createNewCqlLibrary.modelQDMRadio).click();\ncy.get(createNewCqlLibrary.saveAndContinueBtn).click();\ncy.get(cqlComposer.confirmationContinueBtn).click();\nhelper.visibleWithTimeout(matheader.progressbar);\nhelper.notVisibleWithTimeout(matheader.progressbar);\ncy.get(measurelibrary.cqlLibraryTab).click();\nhelper.visibleWithTimeout(matheader.progressbar);\nhelper.notVisibleWithTimeout(matheader.progressbar);\ncy.get(cqlLibrary.searchInputBox).clear();\ncy.get(cqlLibrary.searchInputBox).type(cqlLibraryName, {\n  delay: 50\n});\ncy.get(cqlLibrary.searchBtn).click();\nhelper.visibleWithTimeout(matheader.progressbar);\nhelper.notVisibleWithTimeout(matheader.progressbar);\ncy.get(cqlLibrary.row1CqlLibrarySearch).click();\nhelper.enabled(cqlLibrary.createVersionCqllibrariesBtn);\nhelper.enabled(cqlLibrary.historyCqllibrariesBtn);\nhelper.enabled(cqlLibrary.editCqllibrariesEnabledBtn);\nhelper.enabled(cqlLibrary.shareCqllibrariesBtn);\nhelper.enabled(cqlLibrary.deleteCqllibrariesBtn);\ncy.get(cqlLibrary.searchInputBox).clear();",
              "err": {},
              "uuid": "b1d91117-874e-4f82-aaa5-f4eb5a1eaed3",
              "parentUUID": "9a27c816-f2a6-4888-8b08-9e900f2104c0",
              "isHook": false,
              "skipped": false
            },
            {
              "title": "Recent Activity Button Bar Create Version",
              "fullTitle": "CQL Library Grid Button Bar Recent Activity Button Bar Create Version",
              "timedOut": null,
              "duration": 10960,
              "state": "passed",
              "speed": "slow",
              "pass": true,
              "fail": false,
              "pending": false,
              "context": null,
              "code": "cy.get(cqlLibrary.newLibraryBtn).click();\nvar cqlLibraryName = 'CQLLibraryTest' + Date.now();\ncy.get(createNewCqlLibrary.cqlLibraryName).type(cqlLibraryName, {\n  delay: 50\n});\ncy.get(createNewCqlLibrary.modelQDMRadio).click();\ncy.get(createNewCqlLibrary.saveAndContinueBtn).click();\ncy.get(cqlComposer.confirmationContinueBtn).click();\nhelper.visibleWithTimeout(matheader.progressbar);\nhelper.notVisibleWithTimeout(matheader.progressbar);\ncy.get(measurelibrary.cqlLibraryTab).click();\nhelper.visibleWithTimeout(matheader.progressbar);\nhelper.notVisibleWithTimeout(matheader.progressbar);\ncy.get(cqlLibrary.row1RecentActivity).eq(1).click();\ncy.get(cqlLibrary.createVersionRecentActivityBtn).click();\ncy.get(cqlLibrary.title).contains(\"My CQL Library > Create CQL Library Version of Draft\");\ncy.get(cqlLibrary.cancelBtn).click();\nhelper.visibleWithTimeout(matheader.progressbar);\nhelper.notVisibleWithTimeout(matheader.progressbar);",
              "err": {},
              "uuid": "331607a1-6e36-4357-93b3-1f40cc845183",
              "parentUUID": "9a27c816-f2a6-4888-8b08-9e900f2104c0",
              "isHook": false,
              "skipped": false
            },
            {
              "title": "Recent Activity Button Bar Create Draft",
              "fullTitle": "CQL Library Grid Button Bar Recent Activity Button Bar Create Draft",
              "timedOut": null,
              "duration": 21926,
              "state": "passed",
              "speed": "slow",
              "pass": true,
              "fail": false,
              "pending": false,
              "context": null,
              "code": "cy.get(cqlLibrary.newLibraryBtn).click();\nvar cqlLibraryName = 'CQLLibraryTest' + Date.now();\ncy.get(createNewCqlLibrary.cqlLibraryName).type(cqlLibraryName, {\n  delay: 50\n});\ncy.get(createNewCqlLibrary.modelQDMRadio).click();\ncy.get(createNewCqlLibrary.saveAndContinueBtn).click();\ncy.get(cqlComposer.confirmationContinueBtn).click();\nhelper.visibleWithTimeout(matheader.progressbar);\nhelper.notVisibleWithTimeout(matheader.progressbar);\ncy.get(measurelibrary.cqlLibraryTab).click();\nhelper.visibleWithTimeout(matheader.progressbar);\nhelper.notVisibleWithTimeout(matheader.progressbar);\ncy.get(cqlLibrary.row1RecentActivity).eq(1).click();\ncy.get(cqlLibrary.createVersionRecentActivityBtn).click();\ncy.get(cqlLibrary.majorVersionTypeRadio).click();\ncy.get(cqlLibrary.saveAndContinueBtn).click();\nhelper.visibleWithTimeout(matheader.progressbar);\nhelper.notVisibleWithTimeout(matheader.progressbar);\ncy.get(cqlLibrary.row1RecentActivity).eq(1).click();\ncy.get(cqlLibrary.createDraftRecentActivityBtn).click();\ncy.get(cqlLibrary.title).contains(\"My CQL Library > Draft CQL Library\");\ncy.get(cqlLibrary.draftCancelBtn).click();\nhelper.visibleWithTimeout(matheader.progressbar);\nhelper.notVisibleWithTimeout(matheader.progressbar);",
              "err": {},
              "uuid": "ff3c8da9-8ebe-4baa-b074-9ce9e249d52c",
              "parentUUID": "9a27c816-f2a6-4888-8b08-9e900f2104c0",
              "isHook": false,
              "skipped": false
            },
            {
              "title": "Recent Activity Button Bar History",
              "fullTitle": "CQL Library Grid Button Bar Recent Activity Button Bar History",
              "timedOut": null,
              "duration": 5421,
              "state": "passed",
              "speed": "slow",
              "pass": true,
              "fail": false,
              "pending": false,
              "context": null,
              "code": "cy.get(cqlLibrary.row1CqlLibrarySearch).dblclick();\nhelper.visibleWithTimeout(matheader.progressbar);\nhelper.notVisibleWithTimeout(matheader.progressbar);\ncy.get(measurelibrary.cqlLibraryTab).click();\nhelper.visibleWithTimeout(matheader.progressbar);\nhelper.notVisibleWithTimeout(matheader.progressbar);\ncy.get(cqlLibrary.row1RecentActivity).eq(1).click();\ncy.get(cqlLibrary.historyRecentActivityBtn).click();\ncy.get(cqlLibrary.title).contains(\"My CQL Library > History\");\ncy.get(cqlLibrary.returnToCqlLibrary).click();",
              "err": {},
              "uuid": "f1d60621-acba-4600-b32b-7d75acde7f5d",
              "parentUUID": "9a27c816-f2a6-4888-8b08-9e900f2104c0",
              "isHook": false,
              "skipped": false
            },
            {
              "title": "Recent Activity Button Bar View",
              "fullTitle": "CQL Library Grid Button Bar Recent Activity Button Bar View",
              "timedOut": null,
              "duration": 25539,
              "state": "passed",
              "speed": "slow",
              "pass": true,
              "fail": false,
              "pending": false,
              "context": null,
              "code": "cy.get(cqlLibrary.newLibraryBtn).click();\nvar cqlLibraryName = 'CQLLibraryTest' + Date.now();\ncy.get(createNewCqlLibrary.cqlLibraryName).type(cqlLibraryName, {\n  delay: 50\n});\ncy.get(createNewCqlLibrary.modelQDMRadio).click();\ncy.get(createNewCqlLibrary.saveAndContinueBtn).click();\ncy.get(cqlComposer.confirmationContinueBtn).click();\nhelper.visibleWithTimeout(matheader.progressbar);\nhelper.notVisibleWithTimeout(matheader.progressbar);\ncy.get(measurelibrary.cqlLibraryTab).click();\nhelper.visibleWithTimeout(matheader.progressbar);\nhelper.notVisibleWithTimeout(matheader.progressbar);\ncy.get(cqlLibrary.row1RecentActivity).eq(1).click();\ncy.get(cqlLibrary.createVersionRecentActivityBtn).click();\ncy.get(cqlLibrary.majorVersionTypeRadio).click();\ncy.get(cqlLibrary.saveAndContinueBtn).click();\nhelper.visibleWithTimeout(matheader.progressbar);\nhelper.notVisibleWithTimeout(matheader.progressbar);\ncy.get(cqlLibrary.row1RecentActivity).eq(1).click();\ncy.get(cqlLibrary.viewRecentActivityBtn).click();\nhelper.visibleWithTimeout(matheader.progressbar);\nhelper.notVisibleWithTimeout(matheader.progressbar);\nhelper.disabled(cqlComposer.saveBtn);\ncy.get(measurelibrary.cqlLibraryTab).click();\nhelper.visibleWithTimeout(matheader.progressbar);\nhelper.notVisibleWithTimeout(matheader.progressbar);",
              "err": {},
              "uuid": "784f265d-0e99-4e3d-8a48-45e778a211f0",
              "parentUUID": "9a27c816-f2a6-4888-8b08-9e900f2104c0",
              "isHook": false,
              "skipped": false
            },
            {
              "title": "Recent Activity Button Bar Edit",
              "fullTitle": "CQL Library Grid Button Bar Recent Activity Button Bar Edit",
              "timedOut": null,
              "duration": 11687,
              "state": "passed",
              "speed": "slow",
              "pass": true,
              "fail": false,
              "pending": false,
              "context": null,
              "code": "cy.get(cqlLibrary.newLibraryBtn).click();\nvar cqlLibraryName = 'CQLLibraryTest' + Date.now();\ncy.get(createNewCqlLibrary.cqlLibraryName).type(cqlLibraryName, {\n  delay: 50\n});\ncy.get(createNewCqlLibrary.modelQDMRadio).click();\ncy.get(createNewCqlLibrary.saveAndContinueBtn).click();\ncy.get(cqlComposer.confirmationContinueBtn).click();\nhelper.visibleWithTimeout(matheader.progressbar);\nhelper.notVisibleWithTimeout(matheader.progressbar);\ncy.get(measurelibrary.cqlLibraryTab).click();\nhelper.visibleWithTimeout(matheader.progressbar);\nhelper.notVisibleWithTimeout(matheader.progressbar);\ncy.get(cqlLibrary.row1RecentActivity).eq(1).click();\ncy.get(cqlLibrary.editRecentActivityEnabledBtn).click();\nhelper.visibleWithTimeout(matheader.progressbar);\nhelper.notVisibleWithTimeout(matheader.progressbar);\nhelper.enabled(cqlComposer.saveBtn);\ncy.get(measurelibrary.cqlLibraryTab).click();\nhelper.visibleWithTimeout(matheader.progressbar);\nhelper.notVisibleWithTimeout(matheader.progressbar);",
              "err": {},
              "uuid": "9ef0a6c3-487b-4652-b51b-13a1504997e8",
              "parentUUID": "9a27c816-f2a6-4888-8b08-9e900f2104c0",
              "isHook": false,
              "skipped": false
            },
            {
              "title": "Recent Activity Button Bar Share",
              "fullTitle": "CQL Library Grid Button Bar Recent Activity Button Bar Share",
              "timedOut": null,
              "duration": 11087,
              "state": "passed",
              "speed": "slow",
              "pass": true,
              "fail": false,
              "pending": false,
              "context": null,
              "code": "cy.get(cqlLibrary.newLibraryBtn).click();\nvar cqlLibraryName = 'CQLLibraryTest' + Date.now();\ncy.get(createNewCqlLibrary.cqlLibraryName).type(cqlLibraryName, {\n  delay: 50\n});\ncy.get(createNewCqlLibrary.modelQDMRadio).click();\ncy.get(createNewCqlLibrary.saveAndContinueBtn).click();\ncy.get(cqlComposer.confirmationContinueBtn).click();\nhelper.visibleWithTimeout(matheader.progressbar);\nhelper.notVisibleWithTimeout(matheader.progressbar);\ncy.get(measurelibrary.cqlLibraryTab).click();\nhelper.visibleWithTimeout(matheader.progressbar);\nhelper.notVisibleWithTimeout(matheader.progressbar);\ncy.get(cqlLibrary.row1RecentActivity).eq(1).click();\ncy.get(cqlLibrary.shareRecentActivityBtn).click();\nhelper.visibleWithTimeout(matheader.progressbar);\nhelper.notVisibleWithTimeout(matheader.progressbar);\ncy.get(cqlLibrary.title).contains(\"My CQL Libraries > CQL Library Sharing\");\ncy.get(cqlLibrary.shareCancelBtn).click();\nhelper.visibleWithTimeout(matheader.progressbar);\nhelper.notVisibleWithTimeout(matheader.progressbar);",
              "err": {},
              "uuid": "967b17a7-57f1-4569-b646-e4a1172c0319",
              "parentUUID": "9a27c816-f2a6-4888-8b08-9e900f2104c0",
              "isHook": false,
              "skipped": false
            },
            {
              "title": "Recent Activity Button Bar Delete",
              "fullTitle": "CQL Library Grid Button Bar Recent Activity Button Bar Delete",
              "timedOut": null,
              "duration": 6631,
              "state": "passed",
              "speed": "slow",
              "pass": true,
              "fail": false,
              "pending": false,
              "context": null,
              "code": "cy.get(cqlLibrary.newLibraryBtn).click();\nvar cqlLibraryName = 'CQLLibraryTest' + Date.now();\ncy.get(createNewCqlLibrary.cqlLibraryName).type(cqlLibraryName, {\n  delay: 50\n});\ncy.get(createNewCqlLibrary.modelQDMRadio).click();\ncy.get(createNewCqlLibrary.saveAndContinueBtn).click();\ncy.get(cqlComposer.confirmationContinueBtn).click();\nhelper.visibleWithTimeout(matheader.progressbar);\nhelper.notVisibleWithTimeout(matheader.progressbar);\ncy.get(measurelibrary.cqlLibraryTab).click();\nhelper.visibleWithTimeout(matheader.progressbar);\nhelper.notVisibleWithTimeout(matheader.progressbar);\ncy.get(cqlLibrary.row1RecentActivity).eq(1).click();\ncy.get(cqlLibrary.deleteRecentActivityBtn).click();\nhelper.visible(cqlLibrary.modal);\ncy.get(cqlLibrary.modalCloseBtn).click();\ncy.get(cqlLibrary.row1RecentActivity).eq(1).click();",
              "err": {},
              "uuid": "7fece249-353c-4dad-8897-3a685ea90e58",
              "parentUUID": "9a27c816-f2a6-4888-8b08-9e900f2104c0",
              "isHook": false,
              "skipped": false
            },
            {
              "title": "CQL Libraries Button Bar Create Version",
              "fullTitle": "CQL Library Grid Button Bar CQL Libraries Button Bar Create Version",
              "timedOut": null,
              "duration": 9981,
              "state": "passed",
              "speed": "slow",
              "pass": true,
              "fail": false,
              "pending": false,
              "context": null,
              "code": "cy.get(cqlLibrary.newLibraryBtn).click();\nvar cqlLibraryName = 'CQLLibraryTest' + Date.now();\ncy.get(createNewCqlLibrary.cqlLibraryName).type(cqlLibraryName, {\n  delay: 50\n});\ncy.get(createNewCqlLibrary.modelQDMRadio).click();\ncy.get(createNewCqlLibrary.saveAndContinueBtn).click();\ncy.get(cqlComposer.confirmationContinueBtn).click();\nhelper.visibleWithTimeout(matheader.progressbar);\nhelper.notVisibleWithTimeout(matheader.progressbar);\ncy.get(measurelibrary.cqlLibraryTab).click();\nhelper.visibleWithTimeout(matheader.progressbar);\nhelper.notVisibleWithTimeout(matheader.progressbar); //cy.get(cqlLibrary.searchInputBox).clear()\ncy.get(cqlLibrary.searchInputBox).type(cqlLibraryName, {\n  delay: 50\n});\ncy.get(cqlLibrary.searchBtn).click();\nhelper.visibleWithTimeout(matheader.progressbar);\nhelper.notVisibleWithTimeout(matheader.progressbar);\ncy.get(cqlLibrary.row1CqlLibrarySearch).click();\ncy.wait(1000);\ncy.get(cqlLibrary.row1CqlLibrarySearch).click();\ncy.get(cqlLibrary.createVersionCqllibrariesBtn).click();\ncy.get(cqlLibrary.title).contains(\"My CQL Library > Create CQL Library Version of Draft\");\ncy.get(cqlLibrary.cancelBtn).click();\nhelper.visibleWithTimeout(matheader.progressbar);\nhelper.notVisibleWithTimeout(matheader.progressbar);",
              "err": {},
              "uuid": "408c2f5d-2397-4ad9-b22b-4a6545a86cc2",
              "parentUUID": "9a27c816-f2a6-4888-8b08-9e900f2104c0",
              "isHook": false,
              "skipped": false
            },
            {
              "title": "CQL Libraries Button Bar Create Draft",
              "fullTitle": "CQL Library Grid Button Bar CQL Libraries Button Bar Create Draft",
              "timedOut": null,
              "duration": 10077,
              "state": "passed",
              "speed": "slow",
              "pass": true,
              "fail": false,
              "pending": false,
              "context": null,
              "code": "cy.get(cqlLibrary.newLibraryBtn).click();\nvar cqlLibraryName = 'CQLLibraryTest' + Date.now();\ncy.get(createNewCqlLibrary.cqlLibraryName).type(cqlLibraryName, {\n  delay: 50\n});\ncy.get(createNewCqlLibrary.modelQDMRadio).click();\ncy.get(createNewCqlLibrary.saveAndContinueBtn).click();\ncy.get(cqlComposer.confirmationContinueBtn).click();\nhelper.visibleWithTimeout(matheader.progressbar);\nhelper.notVisibleWithTimeout(matheader.progressbar);\ncy.get(measurelibrary.cqlLibraryTab).click();\nhelper.visibleWithTimeout(matheader.progressbar);\nhelper.notVisibleWithTimeout(matheader.progressbar);\ncy.get(cqlLibrary.searchInputBox).clear();\ncy.get(cqlLibrary.searchInputBox).type(cqlLibraryName, {\n  delay: 50\n});\ncy.get(cqlLibrary.searchBtn).click();\nhelper.visibleWithTimeout(matheader.progressbar);\nhelper.notVisibleWithTimeout(matheader.progressbar);\ncy.get(cqlLibrary.row1CqlLibrarySearch).click();\ncy.wait(1000);\ncy.get(cqlLibrary.row1CqlLibrarySearch).click();\ncy.get(cqlLibrary.createVersionCqllibrariesBtn).click();\ncy.get(cqlLibrary.majorVersionTypeRadio).click();\ncy.get(cqlLibrary.saveAndContinueBtn).click();\nhelper.visibleWithTimeout(matheader.progressbar);\nhelper.notVisibleWithTimeout(matheader.progressbar);\ncy.get(cqlLibrary.row1CqlLibrarySearch).click();\ncy.wait(1000);\ncy.get(cqlLibrary.row1CqlLibrarySearch).click();\ncy.get(cqlLibrary.createDraftCqllibrariesBtn).click();\ncy.get(cqlLibrary.title).contains(\"My CQL Library > Draft CQL Library\");\ncy.get(cqlLibrary.draftCancelBtn).click();\nhelper.visibleWithTimeout(matheader.progressbar);\nhelper.notVisibleWithTimeout(matheader.progressbar);",
              "err": {},
              "uuid": "33696c37-a25a-461e-8a9b-333fe4ede3e0",
              "parentUUID": "9a27c816-f2a6-4888-8b08-9e900f2104c0",
              "isHook": false,
              "skipped": false
            },
            {
              "title": "CQL Libraries Button Bar History",
              "fullTitle": "CQL Library Grid Button Bar CQL Libraries Button Bar History",
              "timedOut": null,
              "duration": 2015,
              "state": "passed",
              "speed": "slow",
              "pass": true,
              "fail": false,
              "pending": false,
              "context": null,
              "code": "cy.get(cqlLibrary.row1CqlLibrarySearch).click();\ncy.wait(1000);\ncy.get(cqlLibrary.row1CqlLibrarySearch).click();\ncy.get(cqlLibrary.historyCqllibrariesBtn).click();\ncy.get(cqlLibrary.title).contains(\"My CQL Library > History\");\ncy.get(cqlLibrary.returnToCqlLibrary).click();\nhelper.visibleWithTimeout(matheader.progressbar);\nhelper.notVisibleWithTimeout(matheader.progressbar);",
              "err": {},
              "uuid": "2dcd61be-d91d-44b8-8e73-29fa3542d8c5",
              "parentUUID": "9a27c816-f2a6-4888-8b08-9e900f2104c0",
              "isHook": false,
              "skipped": false
            },
            {
              "title": "CQL Libraries Button Bar View",
              "fullTitle": "CQL Library Grid Button Bar CQL Libraries Button Bar View",
              "timedOut": null,
              "duration": 2964,
              "state": "passed",
              "speed": "slow",
              "pass": true,
              "fail": false,
              "pending": false,
              "context": null,
              "code": "cy.get(cqlLibrary.row1CqlLibrarySearch).click();\ncy.wait(1000);\ncy.get(cqlLibrary.row1CqlLibrarySearch).click();\ncy.get(cqlLibrary.viewCqllibrariesBtn).click();\nhelper.visibleWithTimeout(matheader.progressbar);\nhelper.notVisibleWithTimeout(matheader.progressbar);\nhelper.disabled(cqlComposer.saveBtn);\ncy.get(measurelibrary.cqlLibraryTab).click();\nhelper.visibleWithTimeout(matheader.progressbar);\nhelper.notVisibleWithTimeout(matheader.progressbar);",
              "err": {},
              "uuid": "3872970b-2348-4921-b2d5-74b4c4640aad",
              "parentUUID": "9a27c816-f2a6-4888-8b08-9e900f2104c0",
              "isHook": false,
              "skipped": false
            },
            {
              "title": "CQL Libraries Button Bar Edit",
              "fullTitle": "CQL Library Grid Button Bar CQL Libraries Button Bar Edit",
              "timedOut": null,
              "duration": 9334,
              "state": "passed",
              "speed": "slow",
              "pass": true,
              "fail": false,
              "pending": false,
              "context": null,
              "code": "cy.get(cqlLibrary.newLibraryBtn).click();\nvar cqlLibraryName = 'CQLLibraryTest' + Date.now();\ncy.get(createNewCqlLibrary.cqlLibraryName).type(cqlLibraryName, {\n  delay: 50\n});\ncy.get(createNewCqlLibrary.modelQDMRadio).click();\ncy.get(createNewCqlLibrary.saveAndContinueBtn).click();\ncy.get(cqlComposer.confirmationContinueBtn).click();\nhelper.visibleWithTimeout(matheader.progressbar);\nhelper.notVisibleWithTimeout(matheader.progressbar);\ncy.get(measurelibrary.cqlLibraryTab).click();\nhelper.visibleWithTimeout(matheader.progressbar);\nhelper.notVisibleWithTimeout(matheader.progressbar);\ncy.get(cqlLibrary.searchInputBox).clear();\ncy.get(cqlLibrary.searchInputBox).type(cqlLibraryName, {\n  delay: 50\n});\ncy.get(cqlLibrary.searchBtn).click();\nhelper.visibleWithTimeout(matheader.progressbar);\nhelper.notVisibleWithTimeout(matheader.progressbar);\ncy.get(cqlLibrary.row1CqlLibrarySearch).click();\ncy.wait(1000);\ncy.get(cqlLibrary.row1CqlLibrarySearch).click();\ncy.get(cqlLibrary.editCqllibrariesEnabledBtn).click();\nhelper.visibleWithTimeout(matheader.progressbar);\nhelper.notVisibleWithTimeout(matheader.progressbar);\nhelper.enabled(cqlComposer.saveBtn);\ncy.get(measurelibrary.cqlLibraryTab).click();\nhelper.visibleWithTimeout(matheader.progressbar);\nhelper.notVisibleWithTimeout(matheader.progressbar);",
              "err": {},
              "uuid": "9c85da51-713b-4b5d-ac20-8b0daa81581a",
              "parentUUID": "9a27c816-f2a6-4888-8b08-9e900f2104c0",
              "isHook": false,
              "skipped": false
            },
            {
              "title": "CQL Libraries Button Bar Share",
              "fullTitle": "CQL Library Grid Button Bar CQL Libraries Button Bar Share",
              "timedOut": null,
              "duration": 9773,
              "state": "passed",
              "speed": "slow",
              "pass": true,
              "fail": false,
              "pending": false,
              "context": null,
              "code": "cy.get(cqlLibrary.newLibraryBtn).click();\nvar cqlLibraryName = 'CQLLibraryTest' + Date.now();\ncy.get(createNewCqlLibrary.cqlLibraryName).type(cqlLibraryName, {\n  delay: 50\n});\ncy.get(createNewCqlLibrary.modelQDMRadio).click();\ncy.get(createNewCqlLibrary.saveAndContinueBtn).click();\ncy.get(cqlComposer.confirmationContinueBtn).click();\nhelper.visibleWithTimeout(matheader.progressbar);\nhelper.notVisibleWithTimeout(matheader.progressbar);\ncy.get(measurelibrary.cqlLibraryTab).click();\nhelper.visibleWithTimeout(matheader.progressbar);\nhelper.notVisibleWithTimeout(matheader.progressbar);\ncy.get(cqlLibrary.searchInputBox).clear();\ncy.get(cqlLibrary.searchInputBox).type(cqlLibraryName, {\n  delay: 50\n});\ncy.get(cqlLibrary.searchBtn).click();\nhelper.visibleWithTimeout(matheader.progressbar);\nhelper.notVisibleWithTimeout(matheader.progressbar);\ncy.get(cqlLibrary.row1CqlLibrarySearch).click();\ncy.wait(1000);\ncy.get(cqlLibrary.row1CqlLibrarySearch).click();\ncy.get(cqlLibrary.shareCqllibrariesBtn).click();\nhelper.visibleWithTimeout(matheader.progressbar);\nhelper.notVisibleWithTimeout(matheader.progressbar);\ncy.get(cqlLibrary.title).contains(\"My CQL Libraries > CQL Library Sharing\");\ncy.get(cqlLibrary.shareCancelBtn).click();\nhelper.visibleWithTimeout(matheader.progressbar);\nhelper.notVisibleWithTimeout(matheader.progressbar);",
              "err": {},
              "uuid": "71e44082-e63c-4cc3-85ed-5754fa4aab3a",
              "parentUUID": "9a27c816-f2a6-4888-8b08-9e900f2104c0",
              "isHook": false,
              "skipped": false
            },
            {
              "title": "CQL Libraries Button Bar Delete",
              "fullTitle": "CQL Library Grid Button Bar CQL Libraries Button Bar Delete",
              "timedOut": null,
              "duration": 8644,
              "state": "passed",
              "speed": "slow",
              "pass": true,
              "fail": false,
              "pending": false,
              "context": null,
              "code": "cy.get(cqlLibrary.newLibraryBtn).click();\nvar cqlLibraryName = 'CQLLibraryTest' + Date.now();\ncy.get(createNewCqlLibrary.cqlLibraryName).type(cqlLibraryName, {\n  delay: 50\n});\ncy.get(createNewCqlLibrary.modelQDMRadio).click();\ncy.get(createNewCqlLibrary.saveAndContinueBtn).click();\ncy.get(cqlComposer.confirmationContinueBtn).click();\nhelper.visibleWithTimeout(matheader.progressbar);\nhelper.notVisibleWithTimeout(matheader.progressbar);\ncy.get(measurelibrary.cqlLibraryTab).click();\nhelper.visibleWithTimeout(matheader.progressbar);\nhelper.notVisibleWithTimeout(matheader.progressbar);\ncy.get(cqlLibrary.searchInputBox).clear();\ncy.get(cqlLibrary.searchInputBox).type(cqlLibraryName, {\n  delay: 50\n});\ncy.get(cqlLibrary.searchBtn).click();\nhelper.visibleWithTimeout(matheader.progressbar);\nhelper.notVisibleWithTimeout(matheader.progressbar);\ncy.get(cqlLibrary.row1CqlLibrarySearch).click();\ncy.wait(1000);\ncy.get(cqlLibrary.row1CqlLibrarySearch).click();\ncy.get(cqlLibrary.deleteCqllibrariesBtn).click();\nhelper.visible(cqlLibrary.modal);\ncy.get(cqlLibrary.modalCloseBtn).click();\ncy.get(cqlLibrary.row1CqlLibrarySearch).click();\ncy.wait(1000);\ncy.get(cqlLibrary.row1CqlLibrarySearch).click();",
              "err": {},
              "uuid": "bd7a5c3e-9d9f-4308-b80c-bb116a4a6707",
              "parentUUID": "9a27c816-f2a6-4888-8b08-9e900f2104c0",
              "isHook": false,
              "skipped": false
            }
          ],
          "suites": [],
          "passes": [
            "4088e21a-4800-44c9-8fd8-d720aaf87b06",
            "c25c645a-f28c-4a26-a729-210b7bc2de23",
            "687bc044-bf9d-4243-88c4-268cdcaba85b",
            "b1d91117-874e-4f82-aaa5-f4eb5a1eaed3",
            "331607a1-6e36-4357-93b3-1f40cc845183",
            "ff3c8da9-8ebe-4baa-b074-9ce9e249d52c",
            "f1d60621-acba-4600-b32b-7d75acde7f5d",
            "784f265d-0e99-4e3d-8a48-45e778a211f0",
            "9ef0a6c3-487b-4652-b51b-13a1504997e8",
            "967b17a7-57f1-4569-b646-e4a1172c0319",
            "7fece249-353c-4dad-8897-3a685ea90e58",
            "408c2f5d-2397-4ad9-b22b-4a6545a86cc2",
            "33696c37-a25a-461e-8a9b-333fe4ede3e0",
            "2dcd61be-d91d-44b8-8e73-29fa3542d8c5",
            "3872970b-2348-4921-b2d5-74b4c4640aad",
            "9c85da51-713b-4b5d-ac20-8b0daa81581a",
            "71e44082-e63c-4cc3-85ed-5754fa4aab3a",
            "bd7a5c3e-9d9f-4308-b80c-bb116a4a6707"
          ],
          "failures": [],
          "pending": [],
          "skipped": [],
          "duration": 190488,
          "root": false,
          "rootEmpty": false,
          "_timeout": 2000
        }
      ],
      "passes": [],
      "failures": [],
      "pending": [],
      "skipped": [],
      "duration": 0,
      "root": true,
      "rootEmpty": true,
      "_timeout": 2000
    }
  ],
  "meta": {
    "mocha": {
      "version": "5.2.0"
    },
    "mochawesome": {
      "options": {
        "quiet": false,
        "reportFilename": "mochawesome",
        "saveHtml": false,
        "saveJson": true,
        "consoleReporter": "spec",
        "useInlineDiffs": false
      },
      "version": "4.1.0"
    },
    "marge": {
      "options": {
        "reportDir": "cypress/results",
        "overwrite": false,
        "html": false,
        "timestamp": "mmddyyyy_HHMMss",
        "json": true
      },
      "version": "4.1.0"
    }
  }
}