{
  "stats": {
    "suites": 2,
    "tests": 21,
    "passes": 19,
    "pending": 0,
    "failures": 2,
    "start": "2020-01-28T13:59:53.181Z",
    "end": "2020-01-28T14:08:22.470Z",
    "duration": 509289,
    "testsRegistered": 21,
    "passPercent": 90.47619047619048,
    "pendingPercent": 0,
    "other": 0,
    "hasOther": false,
    "skipped": 0,
    "hasSkipped": false
  },
  "results": [
    {
      "uuid": "ec5d24ce-4b6f-40e6-b2bc-d4dde3f5e9dd",
      "title": "",
      "fullFile": "",
      "file": "",
      "beforeHooks": [],
      "afterHooks": [],
      "tests": [],
      "suites": [
        {
          "uuid": "af87ba0f-2d8c-447e-be38-c781ae56298c",
          "title": "Measure Library Grid Selection",
          "fullFile": "",
          "file": "",
          "beforeHooks": [],
          "afterHooks": [],
          "tests": [
            {
              "title": "Recent Activity",
              "fullTitle": "Measure Library Grid Selection Recent Activity",
              "timedOut": null,
              "duration": 142862,
              "state": "failed",
              "speed": null,
              "pass": false,
              "fail": true,
              "pending": false,
              "context": null,
              "code": "//populating recent activity grid\ncy.get(measurelibrary.row1MeasureSearch).dblclick();\nhelper.visibleWithTimeout(matheader.progressbar);\nhelper.notVisibleWithTimeout(matheader.progressbar);\ncy.get(measurelibrary.measureLibraryTab).click();\nhelper.visibleWithTimeout(matheader.progressbar);\nhelper.notVisibleWithTimeout(matheader.progressbar);\ncy.get(measurelibrary.row2MeasureSearch).dblclick();\nhelper.visibleWithTimeout(matheader.progressbar);\nhelper.notVisibleWithTimeout(matheader.progressbar);\ncy.get(measurelibrary.measureLibraryTab).click();\nhelper.visibleWithTimeout(matheader.progressbar);\nhelper.notVisibleWithTimeout(matheader.progressbar);\ncy.get(measurelibrary.row1RecentActivity).click();\nhelper.isChecked(measurelibrary.row1RecentActivityCheckbox);\ncy.get(measurelibrary.row2RecentActivity).click();\nhelper.isChecked(measurelibrary.row2RecentActivityCheckbox);\nhelper.isChecked(measurelibrary.row1RecentActivityCheckbox);\ncy.wait(1000);\ncy.get(measurelibrary.row2RecentActivity).click();\nhelper.isNotChecked(measurelibrary.row2RecentActivityCheckbox);\ncy.get(measurelibrary.row1RecentActivity).click();\nhelper.isNotChecked(measurelibrary.row1RecentActivityCheckbox);",
              "err": {
                "message": "CypressError: Timed out retrying: Expected to find element: '#MeasureSearchCellTable [__gwt_row=\"1\"]', but never found it.",
                "estack": "CypressError: Timed out retrying: Expected to find element: '#MeasureSearchCellTable [__gwt_row=\"1\"]', but never found it.\n    at Object.cypressErr (https://matdev.semanticbits.com/__cypress/runner/cypress_runner.js:104968:11)\n    at Object.throwErr (https://matdev.semanticbits.com/__cypress/runner/cypress_runner.js:104923:18)\n    at Object.throwErrByPath (https://matdev.semanticbits.com/__cypress/runner/cypress_runner.js:104955:17)\n    at retry (https://matdev.semanticbits.com/__cypress/runner/cypress_runner.js:96290:16)\n    at onFailFn (https://matdev.semanticbits.com/__cypress/runner/cypress_runner.js:85359:16)\n    at tryCatcher (https://matdev.semanticbits.com/__cypress/runner/cypress_runner.js:139045:23)\n    at Promise._settlePromiseFromHandler (https://matdev.semanticbits.com/__cypress/runner/cypress_runner.js:136981:31)\n    at Promise._settlePromise (https://matdev.semanticbits.com/__cypress/runner/cypress_runner.js:137038:18)\n    at Promise._settlePromise0 (https://matdev.semanticbits.com/__cypress/runner/cypress_runner.js:137083:10)\n    at Promise._settlePromises (https://matdev.semanticbits.com/__cypress/runner/cypress_runner.js:137158:18)\n    at Async../node_modules/bluebird/js/release/async.js.Async._drainQueue (https://matdev.semanticbits.com/__cypress/runner/cypress_runner.js:133770:16)\n    at Async../node_modules/bluebird/js/release/async.js.Async._drainQueues (https://matdev.semanticbits.com/__cypress/runner/cypress_runner.js:133780:10)\n    at Async.drainQueues (https://matdev.semanticbits.com/__cypress/runner/cypress_runner.js:133654:14)",
                "diff": null
              },
              "uuid": "b083dcdc-528a-4b4a-b222-0f1f6f530f64",
              "parentUUID": "af87ba0f-2d8c-447e-be38-c781ae56298c",
              "isHook": false,
              "skipped": false
            },
            {
              "title": "Measure Search Table",
              "fullTitle": "Measure Library Grid Selection Measure Search Table",
              "timedOut": null,
              "duration": 10371,
              "state": "failed",
              "speed": null,
              "pass": false,
              "fail": true,
              "pending": false,
              "context": null,
              "code": "cy.get(measurelibrary.row1MeasureSearch).click();\nhelper.isChecked(measurelibrary.row1MeasureSearchCheckbox);\ncy.get(measurelibrary.row2MeasureSearch).click();\nhelper.isChecked(measurelibrary.row2MeasureSearchCheckbox);\nhelper.isChecked(measurelibrary.row1MeasureSearchCheckbox);\ncy.wait(1000);\ncy.get(measurelibrary.row2MeasureSearch).click();\nhelper.isNotChecked(measurelibrary.row2MeasureSearchCheckbox);\ncy.get(measurelibrary.row1MeasureSearch).click();\nhelper.isNotChecked(measurelibrary.row1MeasureSearchCheckbox);",
              "err": {
                "message": "CypressError: Timed out retrying: Expected to find element: '#MeasureSearchCellTable [__gwt_row=\"0\"]', but never found it.",
                "estack": "CypressError: Timed out retrying: Expected to find element: '#MeasureSearchCellTable [__gwt_row=\"0\"]', but never found it.\n    at Object.cypressErr (https://matdev.semanticbits.com/__cypress/runner/cypress_runner.js:104968:11)\n    at Object.throwErr (https://matdev.semanticbits.com/__cypress/runner/cypress_runner.js:104923:18)\n    at Object.throwErrByPath (https://matdev.semanticbits.com/__cypress/runner/cypress_runner.js:104955:17)\n    at retry (https://matdev.semanticbits.com/__cypress/runner/cypress_runner.js:96290:16)\n    at onFailFn (https://matdev.semanticbits.com/__cypress/runner/cypress_runner.js:85359:16)\n    at tryCatcher (https://matdev.semanticbits.com/__cypress/runner/cypress_runner.js:139045:23)\n    at Promise._settlePromiseFromHandler (https://matdev.semanticbits.com/__cypress/runner/cypress_runner.js:136981:31)\n    at Promise._settlePromise (https://matdev.semanticbits.com/__cypress/runner/cypress_runner.js:137038:18)\n    at Promise._settlePromise0 (https://matdev.semanticbits.com/__cypress/runner/cypress_runner.js:137083:10)\n    at Promise._settlePromises (https://matdev.semanticbits.com/__cypress/runner/cypress_runner.js:137158:18)\n    at Async../node_modules/bluebird/js/release/async.js.Async._drainQueue (https://matdev.semanticbits.com/__cypress/runner/cypress_runner.js:133770:16)\n    at Async../node_modules/bluebird/js/release/async.js.Async._drainQueues (https://matdev.semanticbits.com/__cypress/runner/cypress_runner.js:133780:10)\n    at Async.drainQueues (https://matdev.semanticbits.com/__cypress/runner/cypress_runner.js:133654:14)",
                "diff": null
              },
              "uuid": "cf2917bf-269f-48cd-80c3-ba693b42a3aa",
              "parentUUID": "af87ba0f-2d8c-447e-be38-c781ae56298c",
              "isHook": false,
              "skipped": false
            },
            {
              "title": "Needed for afterall if test before fails",
              "fullTitle": "Measure Library Grid Selection Needed for afterall if test before fails",
              "timedOut": null,
              "duration": 32,
              "state": "passed",
              "speed": "fast",
              "pass": true,
              "fail": false,
              "pending": false,
              "context": null,
              "code": "//designed to pass to make sure afterall click action works",
              "err": {},
              "uuid": "54f1dac0-bf26-4f9c-8d60-8fb3aa1d2ed6",
              "parentUUID": "af87ba0f-2d8c-447e-be38-c781ae56298c",
              "isHook": false,
              "skipped": false
            }
          ],
          "suites": [],
          "passes": [
            "54f1dac0-bf26-4f9c-8d60-8fb3aa1d2ed6"
          ],
          "failures": [
            "b083dcdc-528a-4b4a-b222-0f1f6f530f64",
            "cf2917bf-269f-48cd-80c3-ba693b42a3aa"
          ],
          "pending": [],
          "skipped": [],
          "duration": 153265,
          "root": false,
          "rootEmpty": false,
          "_timeout": 2000
        },
        {
          "uuid": "d4c1e23c-b91b-4e97-86d2-6fb33db8dc7a",
          "title": "Measure Library Grid Button Bar",
          "fullFile": "",
          "file": "",
          "beforeHooks": [],
          "afterHooks": [],
          "tests": [
            {
              "title": "Enabled/Disabled Recent Activity Not The Owner",
              "fullTitle": "Measure Library Grid Button Bar Enabled/Disabled Recent Activity Not The Owner",
              "timedOut": null,
              "duration": 250322,
              "state": "passed",
              "speed": "slow",
              "pass": true,
              "fail": false,
              "pending": false,
              "context": null,
              "code": "helper.enterText(measurelibrary.searchInputBox, versionMeasureNotOwner);\ncy.get(measurelibrary.searchBtn).click();\nhelper.visibleWithTimeout(matheader.progressbar);\nhelper.notVisibleWithTimeout(matheader.progressbar);\ncy.get(measurelibrary.row1MeasureSearch).dblclick();\nhelper.visibleWithTimeout(matheader.progressbar);\nhelper.notVisibleWithTimeout(matheader.progressbar);\ncy.get(measurelibrary.measureLibraryTab).click();\nhelper.visibleWithTimeout(matheader.progressbar);\nhelper.notVisibleWithTimeout(matheader.progressbar);\ncy.get(measurelibrary.row1RecentActivity).click();\nhelper.disabled(measurelibrary.createVersionDraftRecentActivityBtn);\nhelper.enabled(measurelibrary.historyRecentActivityBtn);\nhelper.enabled(measurelibrary.viewRecentActivityBtn);\nhelper.disabled(measurelibrary.shareRecentActivityBtn);\nhelper.disabled(measurelibrary.cloneRecentActivityDisabledBtn);\nhelper.enabled(measurelibrary.runFhirValidationRecentActivityBtn);\nhelper.disabled(measurelibrary.convertToFhirRecentActivityBtn); //need to figure out export, either have to package a measure or have ability to look up a packaged measure in DB\n//cvasile 11/27/2019\ncy.get(measurelibrary.row1RecentActivity).click();",
              "err": {},
              "uuid": "20e7800d-6224-4215-ae82-ed3467b18771",
              "parentUUID": "d4c1e23c-b91b-4e97-86d2-6fb33db8dc7a",
              "isHook": false,
              "skipped": false
            },
            {
              "title": "Enabled/Disabled Recent Activity The Owner",
              "fullTitle": "Measure Library Grid Button Bar Enabled/Disabled Recent Activity The Owner",
              "timedOut": null,
              "duration": 16405,
              "state": "passed",
              "speed": "slow",
              "pass": true,
              "fail": false,
              "pending": false,
              "context": null,
              "code": "measureName = helper.createDraftMeasure('TestMeasure');\nhelper.enterText(measurelibrary.searchInputBox, measureName);\ncy.get(measurelibrary.searchBtn).click();\nhelper.visibleWithTimeout(matheader.progressbar);\nhelper.notVisibleWithTimeout(matheader.progressbar);\ncy.get(measurelibrary.row1MeasureSearch).dblclick();\nhelper.visibleWithTimeout(matheader.progressbar);\nhelper.notVisibleWithTimeout(matheader.progressbar);\ncy.get(measurelibrary.measureLibraryTab).click();\nhelper.visibleWithTimeout(matheader.progressbar);\nhelper.notVisibleWithTimeout(matheader.progressbar);\ncy.get(measurelibrary.row1RecentActivity).click();\nhelper.enabled(measurelibrary.createVersionRecentActivityBtn);\nhelper.enabled(measurelibrary.historyRecentActivityBtn);\nhelper.enabled(measurelibrary.editRecentActivityBtn);\nhelper.enabled(measurelibrary.shareRecentActivityBtn);\nhelper.enabled(measurelibrary.cloneRecentActivityEnabledBtn);\nhelper.disabled(measurelibrary.runFhirValidationRecentActivityBtn);\nhelper.disabled(measurelibrary.convertToFhirRecentActivityBtn);\ncy.get(measurelibrary.createVersionRecentActivityBtn).click();\ncy.get(measurelibrary.majorVersionTypeRadio).click();\ncy.get(measurelibrary.packageAndVersion).click();\ncy.get(measurelibrary.continueBtn).click();\nhelper.visibleWithTimeout(matheader.progressbar);\nhelper.notVisibleWithTimeout(matheader.progressbar);\ncy.get(measurelibrary.row1RecentActivity).click();\nhelper.enabled(measurelibrary.createDraftRecentActivityBtn);\nhelper.enabled(measurelibrary.historyRecentActivityBtn);\nhelper.enabled(measurelibrary.viewRecentActivityBtn);\nhelper.enabled(measurelibrary.shareRecentActivityBtn);\nhelper.enabled(measurelibrary.cloneRecentActivityEnabledBtn);\nhelper.enabled(measurelibrary.runFhirValidationRecentActivityBtn);\nhelper.enabled(measurelibrary.convertToFhirRecentActivityBtn);\ncy.get(measurelibrary.row1RecentActivity).click();",
              "err": {},
              "uuid": "51eba5a0-5ec1-43a6-9d86-fdfe1272b9d0",
              "parentUUID": "d4c1e23c-b91b-4e97-86d2-6fb33db8dc7a",
              "isHook": false,
              "skipped": false
            },
            {
              "title": "Enabled/Disabled Measure Search Table Not The Owner",
              "fullTitle": "Measure Library Grid Button Bar Enabled/Disabled Measure Search Table Not The Owner",
              "timedOut": null,
              "duration": 3112,
              "state": "passed",
              "speed": "slow",
              "pass": true,
              "fail": false,
              "pending": false,
              "context": null,
              "code": "helper.enterText(measurelibrary.searchInputBox, versionMeasureNotOwner);\ncy.get(measurelibrary.searchBtn).click();\nhelper.visibleWithTimeout(matheader.progressbar);\nhelper.notVisibleWithTimeout(matheader.progressbar);\ncy.get(measurelibrary.row1MeasureSearch).click();\nhelper.disabled(measurelibrary.createVersionDraftMeasureSearchBtn);\nhelper.enabled(measurelibrary.historyMeasureSearchBtn);\nhelper.enabled(measurelibrary.viewMeasureSearchBtn);\nhelper.disabled(measurelibrary.shareMeasureSearchBtn);\nhelper.disabled(measurelibrary.cloneMeasureSearchDisabledBtn);\nhelper.enabled(measurelibrary.runFhirValidationMeasureSearchBtn);\nhelper.disabled(measurelibrary.convertToFhirMeasureSearchBtn);\ncy.get(measurelibrary.row1MeasureSearch).click();",
              "err": {},
              "uuid": "4a571e93-0c47-4a56-b53b-b6dfd22e7238",
              "parentUUID": "d4c1e23c-b91b-4e97-86d2-6fb33db8dc7a",
              "isHook": false,
              "skipped": false
            },
            {
              "title": "Enabled/Disabled Measure Search Table The Owner",
              "fullTitle": "Measure Library Grid Button Bar Enabled/Disabled Measure Search Table The Owner",
              "timedOut": null,
              "duration": 12350,
              "state": "passed",
              "speed": "slow",
              "pass": true,
              "fail": false,
              "pending": false,
              "context": null,
              "code": "measureName = helper.createDraftMeasure('TestMeasure');\nhelper.enterText(measurelibrary.searchInputBox, measureName);\ncy.get(measurelibrary.searchBtn).click();\nhelper.visibleWithTimeout(matheader.progressbar);\nhelper.notVisibleWithTimeout(matheader.progressbar);\ncy.get(measurelibrary.row1MeasureSearch).click();\nhelper.enabled(measurelibrary.createVersionMeasureSearchBtn);\nhelper.enabled(measurelibrary.historyMeasureSearchBtn);\nhelper.enabled(measurelibrary.editMeasureSearchBtn);\nhelper.enabled(measurelibrary.shareMeasureSearchBtn);\nhelper.enabled(measurelibrary.cloneMeasureSearchEnabledBtn);\nhelper.disabled(measurelibrary.runFhirValidationMeasureSearchBtn);\nhelper.disabled(measurelibrary.convertToFhirMeasureSearchBtn);\ncy.get(measurelibrary.createVersionMeasureSearchBtn).click();\ncy.get(measurelibrary.majorVersionTypeRadio).click();\ncy.get(measurelibrary.packageAndVersion).click();\ncy.get(measurelibrary.continueBtn).click();\nhelper.visibleWithTimeout(matheader.progressbar);\nhelper.notVisibleWithTimeout(matheader.progressbar);\ncy.get(measurelibrary.row1MeasureSearch).click();\nhelper.enabled(measurelibrary.createDraftMeasureSearchBtn);\nhelper.enabled(measurelibrary.historyMeasureSearchBtn);\nhelper.enabled(measurelibrary.viewMeasureSearchBtn);\nhelper.enabled(measurelibrary.shareMeasureSearchBtn);\nhelper.enabled(measurelibrary.cloneMeasureSearchEnabledBtn);\nhelper.enabled(measurelibrary.runFhirValidationMeasureSearchBtn);\nhelper.enabled(measurelibrary.convertToFhirMeasureSearchBtn);\ncy.get(measurelibrary.row1MeasureSearch).click();",
              "err": {},
              "uuid": "764d7b6d-4528-4b65-9860-74df229e19f5",
              "parentUUID": "d4c1e23c-b91b-4e97-86d2-6fb33db8dc7a",
              "isHook": false,
              "skipped": false
            },
            {
              "title": "Recent Activity Button bar Create Version",
              "fullTitle": "Measure Library Grid Button Bar Recent Activity Button bar Create Version",
              "timedOut": null,
              "duration": 9845,
              "state": "passed",
              "speed": "slow",
              "pass": true,
              "fail": false,
              "pending": false,
              "context": null,
              "code": "//creating new measure\ncy.get(measurelibrary.newMeasureButton).click();\nvar localmeasure = 'createProportionMeasure' + Date.now();\ncy.get(createNewMeasure.measureName).type(localmeasure, {\n  delay: 50\n});\ncy.get(createNewMeasure.modelradioQDM).click();\ncy.get(createNewMeasure.cqlLibraryName).type(localmeasure, {\n  delay: 50\n});\ncy.get(createNewMeasure.shortName).type(localmeasure, {\n  delay: 50\n});\ncy.get(createNewMeasure.measureScoringListBox).select('Proportion');\ncy.get(createNewMeasure.patientBasedMeasureListBox).select('Yes');\ncy.get(createNewMeasure.saveAndContinueBtn).click();\ncy.get(createNewMeasure.confirmationContinueBtn).click();\nhelper.visibleWithTimeout(matheader.progressbar);\nhelper.notVisibleWithTimeout(matheader.progressbar);\ncy.get(measurelibrary.measureLibraryTab).click();\nhelper.visibleWithTimeout(matheader.progressbar);\nhelper.notVisibleWithTimeout(matheader.progressbar);\ncy.get(measurelibrary.row1RecentActivity).click();\ncy.get(measurelibrary.createVersionRecentActivityBtn).click();\ncy.get(measurelibrary.title).contains(\"My Measures > Create Measure Version of Draft\");\ncy.get(measurelibrary.cancelBtn).click();\nhelper.visibleWithTimeout(matheader.progressbar);\nhelper.notVisibleWithTimeout(matheader.progressbar);",
              "err": {},
              "uuid": "c2a65b11-c682-4dd1-a826-3af1d9c9338f",
              "parentUUID": "d4c1e23c-b91b-4e97-86d2-6fb33db8dc7a",
              "isHook": false,
              "skipped": false
            },
            {
              "title": "Recent Activity Button bar Create Draft",
              "fullTitle": "Measure Library Grid Button Bar Recent Activity Button bar Create Draft",
              "timedOut": null,
              "duration": 11677,
              "state": "passed",
              "speed": "slow",
              "pass": true,
              "fail": false,
              "pending": false,
              "context": null,
              "code": "cy.get(measurelibrary.newMeasureButton).click();\nmeasureName = 'createProportionMeasure' + Date.now();\ncy.get(createNewMeasure.measureName).type(measureName, {\n  delay: 50\n});\ncy.get(createNewMeasure.modelradioQDM).click();\ncy.get(createNewMeasure.cqlLibraryName).type(measureName, {\n  delay: 50\n});\ncy.get(createNewMeasure.shortName).type(measureName, {\n  delay: 50\n});\ncy.get(createNewMeasure.measureScoringListBox).select('Proportion');\ncy.get(createNewMeasure.patientBasedMeasureListBox).select('Yes');\ncy.get(createNewMeasure.saveAndContinueBtn).click();\ncy.get(createNewMeasure.confirmationContinueBtn).click();\nhelper.visibleWithTimeout(matheader.progressbar);\nhelper.notVisibleWithTimeout(matheader.progressbar);\ncy.get(measurelibrary.measureLibraryTab).click();\nhelper.visibleWithTimeout(matheader.progressbar);\nhelper.notVisibleWithTimeout(matheader.progressbar);\ncy.get(measurelibrary.row1RecentActivity).click();\ncy.get(measurelibrary.createVersionRecentActivityBtn).click();\ncy.get(measurelibrary.majorVersionTypeRadio).click();\ncy.get(measurelibrary.packageAndVersion).click();\ncy.get(measurelibrary.continueBtn).click();\nhelper.visibleWithTimeout(matheader.progressbar);\nhelper.notVisibleWithTimeout(matheader.progressbar);\ncy.get(measurelibrary.row1RecentActivity).click();\ncy.get(measurelibrary.createDraftRecentActivityBtn).click();\nhelper.visibleWithTimeout(matheader.progressbar);\nhelper.notVisibleWithTimeout(matheader.progressbar);\ncy.get(measurelibrary.title).contains(\"My Measures > Draft Measure\");\ncy.get(createNewMeasure.cancelBtn).click();",
              "err": {},
              "uuid": "261b1563-df0b-4be1-aeaa-a75d3317f55f",
              "parentUUID": "d4c1e23c-b91b-4e97-86d2-6fb33db8dc7a",
              "isHook": false,
              "skipped": false
            },
            {
              "title": "Recent Activity Button bar History",
              "fullTitle": "Measure Library Grid Button Bar Recent Activity Button bar History",
              "timedOut": null,
              "duration": 1199,
              "state": "passed",
              "speed": "slow",
              "pass": true,
              "fail": false,
              "pending": false,
              "context": null,
              "code": "cy.get(measurelibrary.row1RecentActivity).click();\ncy.get(measurelibrary.historyRecentActivityBtn).click();\ncy.get(measurelibrary.title).contains(\"My Measures > History\");\ncy.get(measurelibrary.returnToMeasureLibraryLink).click();\nhelper.visibleWithTimeout(matheader.progressbar);\nhelper.notVisibleWithTimeout(matheader.progressbar);",
              "err": {},
              "uuid": "c5faa495-3f50-495b-94a4-4867393f8226",
              "parentUUID": "d4c1e23c-b91b-4e97-86d2-6fb33db8dc7a",
              "isHook": false,
              "skipped": false
            },
            {
              "title": "Recent Activity Button bar Edit",
              "fullTitle": "Measure Library Grid Button Bar Recent Activity Button bar Edit",
              "timedOut": null,
              "duration": 1810,
              "state": "passed",
              "speed": "slow",
              "pass": true,
              "fail": false,
              "pending": false,
              "context": null,
              "code": "cy.get(measurelibrary.row1RecentActivity).click();\ncy.get(measurelibrary.editRecentActivityBtn).click();\nhelper.visibleWithTimeout(matheader.progressbar);\nhelper.notVisibleWithTimeout(matheader.progressbar);\ncy.get(measurelibrary.measureComposerTab).should(function (tab) {\n  var value = tab.attr('class');\n  expect(value).contains(\"selected\");\n});\ncy.get(measurelibrary.measureLibraryTab).click();\nhelper.visibleWithTimeout(matheader.progressbar);\nhelper.notVisibleWithTimeout(matheader.progressbar);",
              "err": {},
              "uuid": "41697139-6e7a-4a28-bd72-cabe4439a1bd",
              "parentUUID": "d4c1e23c-b91b-4e97-86d2-6fb33db8dc7a",
              "isHook": false,
              "skipped": false
            },
            {
              "title": "Recent Activity Button bar View",
              "fullTitle": "Measure Library Grid Button Bar Recent Activity Button bar View",
              "timedOut": null,
              "duration": 12610,
              "state": "passed",
              "speed": "slow",
              "pass": true,
              "fail": false,
              "pending": false,
              "context": null,
              "code": "cy.get(measurelibrary.newMeasureButton).click();\nmeasureName = 'createProportionMeasure' + Date.now();\ncy.get(createNewMeasure.measureName).type(measureName, {\n  delay: 50\n});\ncy.get(createNewMeasure.modelradioQDM).click();\ncy.get(createNewMeasure.cqlLibraryName).type(measureName, {\n  delay: 50\n});\ncy.get(createNewMeasure.shortName).type(measureName, {\n  delay: 50\n});\ncy.get(createNewMeasure.measureScoringListBox).select('Proportion');\ncy.get(createNewMeasure.patientBasedMeasureListBox).select('Yes');\ncy.get(createNewMeasure.saveAndContinueBtn).click();\ncy.get(createNewMeasure.confirmationContinueBtn).click();\nhelper.visibleWithTimeout(matheader.progressbar);\nhelper.notVisibleWithTimeout(matheader.progressbar);\ncy.get(measurelibrary.measureLibraryTab).click();\nhelper.visibleWithTimeout(matheader.progressbar);\nhelper.notVisibleWithTimeout(matheader.progressbar);\ncy.get(measurelibrary.row1RecentActivity).click();\ncy.get(measurelibrary.createVersionRecentActivityBtn).click();\ncy.get(measurelibrary.majorVersionTypeRadio).click();\ncy.get(measurelibrary.packageAndVersion).click();\ncy.get(measurelibrary.continueBtn).click();\nhelper.visibleWithTimeout(matheader.progressbar);\nhelper.notVisibleWithTimeout(matheader.progressbar);\ncy.get(measurelibrary.row1RecentActivity).click();\ncy.get(measurelibrary.viewRecentActivityBtn).click();\nhelper.visibleWithTimeout(matheader.progressbar);\nhelper.notVisibleWithTimeout(matheader.progressbar);\nhelper.disabled(measureComposer.measureNameInputBox);\ncy.get(measurelibrary.measureLibraryTab).click();\nhelper.visibleWithTimeout(matheader.progressbar);\nhelper.notVisibleWithTimeout(matheader.progressbar);",
              "err": {},
              "uuid": "31ca7c76-2144-4b85-a871-01db92bdf8dd",
              "parentUUID": "d4c1e23c-b91b-4e97-86d2-6fb33db8dc7a",
              "isHook": false,
              "skipped": false
            },
            {
              "title": "Recent Activity Button bar Share",
              "fullTitle": "Measure Library Grid Button Bar Recent Activity Button bar Share",
              "timedOut": null,
              "duration": 1162,
              "state": "passed",
              "speed": "slow",
              "pass": true,
              "fail": false,
              "pending": false,
              "context": null,
              "code": "cy.get(measurelibrary.row1RecentActivity).click();\ncy.get(measurelibrary.shareRecentActivityBtn).click();\ncy.get(measurelibrary.title).contains(\"My Measures > Measure Sharing\");\ncy.get(measurelibrary.sharingCancelBtn).click();\nhelper.visibleWithTimeout(matheader.progressbar);\nhelper.notVisibleWithTimeout(matheader.progressbar);",
              "err": {},
              "uuid": "9efe9681-7383-421c-a71e-4a2183dc7f85",
              "parentUUID": "d4c1e23c-b91b-4e97-86d2-6fb33db8dc7a",
              "isHook": false,
              "skipped": false
            },
            {
              "title": "Recent Activity Button bar Clone",
              "fullTitle": "Measure Library Grid Button Bar Recent Activity Button bar Clone",
              "timedOut": null,
              "duration": 1610,
              "state": "passed",
              "speed": "slow",
              "pass": true,
              "fail": false,
              "pending": false,
              "context": null,
              "code": "cy.get(measurelibrary.row1RecentActivity).click();\ncy.get(measurelibrary.cloneRecentActivityEnabledBtn).click();\nhelper.visibleWithTimeout(matheader.progressbar);\nhelper.notVisibleWithTimeout(matheader.progressbar);\ncy.get(measurelibrary.title).contains(\"My Measures > Clone Measure\");\ncy.get(createNewMeasure.cancelBtn).click();\nhelper.visibleWithTimeout(matheader.progressbar);\nhelper.notVisibleWithTimeout(matheader.progressbar);",
              "err": {},
              "uuid": "df763e1f-2c64-4452-89a7-a8104b4e1dc5",
              "parentUUID": "d4c1e23c-b91b-4e97-86d2-6fb33db8dc7a",
              "isHook": false,
              "skipped": false
            },
            {
              "title": "Measure Search Button bar Create Version",
              "fullTitle": "Measure Library Grid Button Bar Measure Search Button bar Create Version",
              "timedOut": null,
              "duration": 3535,
              "state": "passed",
              "speed": "slow",
              "pass": true,
              "fail": false,
              "pending": false,
              "context": null,
              "code": "helper.enterText(measurelibrary.searchInputBox, draftMeasure);\ncy.get(measurelibrary.searchBtn).click();\nhelper.visibleWithTimeout(matheader.progressbar);\nhelper.notVisibleWithTimeout(matheader.progressbar);\ncy.get(measurelibrary.row1MeasureSearch).click();\ncy.get(measurelibrary.createVersionMeasureSearchBtn).click();\ncy.get(cqlLibrary.title).contains(\"My Measures > Create Measure Version of Draft\");\ncy.get(measurelibrary.cancelBtn).click();\nhelper.visibleWithTimeout(matheader.progressbar);\nhelper.notVisibleWithTimeout(matheader.progressbar);",
              "err": {},
              "uuid": "cc6edf98-5f60-477a-b52c-81c521a1829c",
              "parentUUID": "d4c1e23c-b91b-4e97-86d2-6fb33db8dc7a",
              "isHook": false,
              "skipped": false
            },
            {
              "title": "Measure Search Button bar Create Draft",
              "fullTitle": "Measure Library Grid Button Bar Measure Search Button bar Create Draft",
              "timedOut": null,
              "duration": 4143,
              "state": "passed",
              "speed": "slow",
              "pass": true,
              "fail": false,
              "pending": false,
              "context": null,
              "code": "helper.enterText(measurelibrary.searchInputBox, versionMeasure);\ncy.get(measurelibrary.searchBtn).click();\nhelper.visibleWithTimeout(matheader.progressbar);\nhelper.notVisibleWithTimeout(matheader.progressbar);\ncy.get(measurelibrary.row1MeasureSearch).click();\ncy.get(measurelibrary.createDraftMeasureSearchBtn).click();\nhelper.visibleWithTimeout(matheader.progressbar);\nhelper.notVisibleWithTimeout(matheader.progressbar);\ncy.get(measurelibrary.title).contains(\"My Measures > Draft Measure\");\ncy.get(createNewMeasure.cancelBtn).click();\nhelper.visibleWithTimeout(matheader.progressbar);\nhelper.notVisibleWithTimeout(matheader.progressbar);",
              "err": {},
              "uuid": "833341c9-4d28-495a-90ea-1ce413b1edf9",
              "parentUUID": "d4c1e23c-b91b-4e97-86d2-6fb33db8dc7a",
              "isHook": false,
              "skipped": false
            },
            {
              "title": "Measure Search Button bar History",
              "fullTitle": "Measure Library Grid Button Bar Measure Search Button bar History",
              "timedOut": null,
              "duration": 3383,
              "state": "passed",
              "speed": "slow",
              "pass": true,
              "fail": false,
              "pending": false,
              "context": null,
              "code": "helper.enterText(measurelibrary.searchInputBox, versionMeasure);\ncy.get(measurelibrary.searchBtn).click();\nhelper.visibleWithTimeout(matheader.progressbar);\nhelper.notVisibleWithTimeout(matheader.progressbar);\ncy.get(measurelibrary.row1MeasureSearch).click();\ncy.get(measurelibrary.historyMeasureSearchBtn).click();\ncy.get(measurelibrary.title).contains(\"My Measures > History\");\ncy.get(measurelibrary.returnToMeasureLibraryLink).click();\nhelper.visibleWithTimeout(matheader.progressbar);\nhelper.notVisibleWithTimeout(matheader.progressbar);",
              "err": {},
              "uuid": "719b3e17-710e-4c42-b009-0ff0746dcf71",
              "parentUUID": "d4c1e23c-b91b-4e97-86d2-6fb33db8dc7a",
              "isHook": false,
              "skipped": false
            },
            {
              "title": "Measure Search Button bar Edit",
              "fullTitle": "Measure Library Grid Button Bar Measure Search Button bar Edit",
              "timedOut": null,
              "duration": 4216,
              "state": "passed",
              "speed": "slow",
              "pass": true,
              "fail": false,
              "pending": false,
              "context": null,
              "code": "helper.enterText(measurelibrary.searchInputBox, draftMeasure);\ncy.get(measurelibrary.searchBtn).click();\nhelper.visibleWithTimeout(matheader.progressbar);\nhelper.notVisibleWithTimeout(matheader.progressbar);\ncy.get(measurelibrary.row1MeasureSearch).click();\ncy.get(measurelibrary.editMeasureSearchBtn).click();\nhelper.visibleWithTimeout(matheader.progressbar);\nhelper.notVisibleWithTimeout(matheader.progressbar);\ncy.get(measurelibrary.measureComposerTab).should(function (tab) {\n  var value = tab.attr('class');\n  expect(value).contains(\"selected\");\n});\ncy.get(measurelibrary.measureLibraryTab).click();\nhelper.visibleWithTimeout(matheader.progressbar);\nhelper.notVisibleWithTimeout(matheader.progressbar);",
              "err": {},
              "uuid": "826d9317-d824-41ba-9d16-9c404300d214",
              "parentUUID": "d4c1e23c-b91b-4e97-86d2-6fb33db8dc7a",
              "isHook": false,
              "skipped": false
            },
            {
              "title": "Measure Search Button bar View",
              "fullTitle": "Measure Library Grid Button Bar Measure Search Button bar View",
              "timedOut": null,
              "duration": 4306,
              "state": "passed",
              "speed": "slow",
              "pass": true,
              "fail": false,
              "pending": false,
              "context": null,
              "code": "helper.enterText(measurelibrary.searchInputBox, versionMeasure);\ncy.get(measurelibrary.searchBtn).click();\nhelper.visibleWithTimeout(matheader.progressbar);\nhelper.notVisibleWithTimeout(matheader.progressbar);\ncy.get(measurelibrary.row1MeasureSearch).click();\ncy.get(measurelibrary.viewMeasureSearchBtn).click();\nhelper.visibleWithTimeout(matheader.progressbar);\nhelper.notVisibleWithTimeout(matheader.progressbar);\nhelper.disabled(measureComposer.measureNameInputBox);\ncy.get(measurelibrary.measureLibraryTab).click();\nhelper.visibleWithTimeout(matheader.progressbar);\nhelper.notVisibleWithTimeout(matheader.progressbar);",
              "err": {},
              "uuid": "74ecbb02-f2db-4208-a048-57a252521a2c",
              "parentUUID": "d4c1e23c-b91b-4e97-86d2-6fb33db8dc7a",
              "isHook": false,
              "skipped": false
            },
            {
              "title": "Measure Search Button bar Share",
              "fullTitle": "Measure Library Grid Button Bar Measure Search Button bar Share",
              "timedOut": null,
              "duration": 3526,
              "state": "passed",
              "speed": "slow",
              "pass": true,
              "fail": false,
              "pending": false,
              "context": null,
              "code": "helper.enterText(measurelibrary.searchInputBox, draftMeasure);\ncy.get(measurelibrary.searchBtn).click();\nhelper.visibleWithTimeout(matheader.progressbar);\nhelper.notVisibleWithTimeout(matheader.progressbar);\ncy.get(measurelibrary.row1MeasureSearch).click();\ncy.get(measurelibrary.shareMeasureSearchBtn).click();\ncy.get(measurelibrary.title).contains(\"My Measures > Measure Sharing\");\ncy.get(measurelibrary.sharingCancelBtn).click();\nhelper.visibleWithTimeout(matheader.progressbar);\nhelper.notVisibleWithTimeout(matheader.progressbar);",
              "err": {},
              "uuid": "e9e9e8a2-ec1b-4ee0-a5c6-67529040b574",
              "parentUUID": "d4c1e23c-b91b-4e97-86d2-6fb33db8dc7a",
              "isHook": false,
              "skipped": false
            },
            {
              "title": "Measure Search Button bar Clone",
              "fullTitle": "Measure Library Grid Button Bar Measure Search Button bar Clone",
              "timedOut": null,
              "duration": 4043,
              "state": "passed",
              "speed": "slow",
              "pass": true,
              "fail": false,
              "pending": false,
              "context": null,
              "code": "helper.enterText(measurelibrary.searchInputBox, draftMeasure);\ncy.get(measurelibrary.searchBtn).click();\nhelper.visibleWithTimeout(matheader.progressbar);\nhelper.notVisibleWithTimeout(matheader.progressbar);\ncy.get(measurelibrary.row1MeasureSearch).click();\ncy.get(measurelibrary.cloneMeasureSearchEnabledBtn).click();\nhelper.visibleWithTimeout(matheader.progressbar);\nhelper.notVisibleWithTimeout(matheader.progressbar);\ncy.get(measurelibrary.title).contains(\"My Measures > Clone Measure\");\ncy.get(createNewMeasure.cancelBtn).click();\nhelper.visibleWithTimeout(matheader.progressbar);\nhelper.notVisibleWithTimeout(matheader.progressbar);",
              "err": {},
              "uuid": "7788cb79-db8f-44ff-bd23-156a8e74bcd8",
              "parentUUID": "d4c1e23c-b91b-4e97-86d2-6fb33db8dc7a",
              "isHook": false,
              "skipped": false
            }
          ],
          "suites": [],
          "passes": [
            "20e7800d-6224-4215-ae82-ed3467b18771",
            "51eba5a0-5ec1-43a6-9d86-fdfe1272b9d0",
            "4a571e93-0c47-4a56-b53b-b6dfd22e7238",
            "764d7b6d-4528-4b65-9860-74df229e19f5",
            "c2a65b11-c682-4dd1-a826-3af1d9c9338f",
            "261b1563-df0b-4be1-aeaa-a75d3317f55f",
            "c5faa495-3f50-495b-94a4-4867393f8226",
            "41697139-6e7a-4a28-bd72-cabe4439a1bd",
            "31ca7c76-2144-4b85-a871-01db92bdf8dd",
            "9efe9681-7383-421c-a71e-4a2183dc7f85",
            "df763e1f-2c64-4452-89a7-a8104b4e1dc5",
            "cc6edf98-5f60-477a-b52c-81c521a1829c",
            "833341c9-4d28-495a-90ea-1ce413b1edf9",
            "719b3e17-710e-4c42-b009-0ff0746dcf71",
            "826d9317-d824-41ba-9d16-9c404300d214",
            "74ecbb02-f2db-4208-a048-57a252521a2c",
            "e9e9e8a2-ec1b-4ee0-a5c6-67529040b574",
            "7788cb79-db8f-44ff-bd23-156a8e74bcd8"
          ],
          "failures": [],
          "pending": [],
          "skipped": [],
          "duration": 349254,
          "root": false,
          "rootEmpty": false,
          "_timeout": 2000
        }
      ],
      "passes": [],
      "failures": [],
      "pending": [],
      "skipped": [],
      "duration": 0,
      "root": true,
      "rootEmpty": true,
      "_timeout": 2000
    }
  ],
  "meta": {
    "mocha": {
      "version": "5.2.0"
    },
    "mochawesome": {
      "options": {
        "quiet": false,
        "reportFilename": "mochawesome",
        "saveHtml": false,
        "saveJson": true,
        "consoleReporter": "spec",
        "useInlineDiffs": false
      },
      "version": "4.1.0"
    },
    "marge": {
      "options": {
        "reportDir": "cypress/results",
        "overwrite": false,
        "html": false,
        "timestamp": "mmddyyyy_HHMMss",
        "json": true
      },
      "version": "4.1.0"
    }
  }
}